ARM GAS  /tmp/ccp3ggJz.s 			page 1


   1              		.cpu cortex-m4
   2              		.arch armv7e-m
   3              		.fpu fpv4-sp-d16
   4              		.eabi_attribute 27, 1
   5              		.eabi_attribute 28, 1
   6              		.eabi_attribute 20, 1
   7              		.eabi_attribute 21, 1
   8              		.eabi_attribute 23, 3
   9              		.eabi_attribute 24, 1
  10              		.eabi_attribute 25, 1
  11              		.eabi_attribute 26, 1
  12              		.eabi_attribute 30, 1
  13              		.eabi_attribute 34, 1
  14              		.eabi_attribute 18, 4
  15              		.file	"stm32f4xx_hal_msp.c"
  16              		.text
  17              	.Ltext0:
  18              		.cfi_sections	.debug_frame
  19              		.file 1 "Core/Src/stm32f4xx_hal_msp.c"
  20              		.section	.text.HAL_MspInit,"ax",%progbits
  21              		.align	1
  22              		.global	HAL_MspInit
  23              		.syntax unified
  24              		.thumb
  25              		.thumb_func
  27              	HAL_MspInit:
  28              	.LFB134:
   1:Core/Src/stm32f4xx_hal_msp.c **** 
   2:Core/Src/stm32f4xx_hal_msp.c **** /* USER CODE BEGIN Header */
   3:Core/Src/stm32f4xx_hal_msp.c **** /**
   4:Core/Src/stm32f4xx_hal_msp.c ****   ******************************************************************************
   5:Core/Src/stm32f4xx_hal_msp.c ****   * @file         stm32f4xx_hal_msp.c
   6:Core/Src/stm32f4xx_hal_msp.c ****   * @brief        This file provides code for the MSP Initialization
   7:Core/Src/stm32f4xx_hal_msp.c ****   *               and de-Initialization codes.
   8:Core/Src/stm32f4xx_hal_msp.c ****   ******************************************************************************
   9:Core/Src/stm32f4xx_hal_msp.c ****   * @attention
  10:Core/Src/stm32f4xx_hal_msp.c ****   *
  11:Core/Src/stm32f4xx_hal_msp.c ****   * Copyright (c) 2024 STMicroelectronics.
  12:Core/Src/stm32f4xx_hal_msp.c ****   * All rights reserved.
  13:Core/Src/stm32f4xx_hal_msp.c ****   *
  14:Core/Src/stm32f4xx_hal_msp.c ****   * This software is licensed under terms that can be found in the LICENSE file
  15:Core/Src/stm32f4xx_hal_msp.c ****   * in the root directory of this software component.
  16:Core/Src/stm32f4xx_hal_msp.c ****   * If no LICENSE file comes with this software, it is provided AS-IS.
  17:Core/Src/stm32f4xx_hal_msp.c ****   *
  18:Core/Src/stm32f4xx_hal_msp.c ****   ******************************************************************************
  19:Core/Src/stm32f4xx_hal_msp.c ****   */
  20:Core/Src/stm32f4xx_hal_msp.c **** /* USER CODE END Header */
  21:Core/Src/stm32f4xx_hal_msp.c **** 
  22:Core/Src/stm32f4xx_hal_msp.c **** /* Includes ------------------------------------------------------------------*/
  23:Core/Src/stm32f4xx_hal_msp.c **** #include "main.h"
  24:Core/Src/stm32f4xx_hal_msp.c **** /* USER CODE BEGIN Includes */
  25:Core/Src/stm32f4xx_hal_msp.c **** 
  26:Core/Src/stm32f4xx_hal_msp.c **** /* USER CODE END Includes */
  27:Core/Src/stm32f4xx_hal_msp.c **** 
  28:Core/Src/stm32f4xx_hal_msp.c **** /* Private typedef -----------------------------------------------------------*/
  29:Core/Src/stm32f4xx_hal_msp.c **** /* USER CODE BEGIN TD */
  30:Core/Src/stm32f4xx_hal_msp.c **** 
ARM GAS  /tmp/ccp3ggJz.s 			page 2


  31:Core/Src/stm32f4xx_hal_msp.c **** /* USER CODE END TD */
  32:Core/Src/stm32f4xx_hal_msp.c **** 
  33:Core/Src/stm32f4xx_hal_msp.c **** /* Private define ------------------------------------------------------------*/
  34:Core/Src/stm32f4xx_hal_msp.c **** /* USER CODE BEGIN Define */
  35:Core/Src/stm32f4xx_hal_msp.c **** 
  36:Core/Src/stm32f4xx_hal_msp.c **** /* USER CODE END Define */
  37:Core/Src/stm32f4xx_hal_msp.c **** 
  38:Core/Src/stm32f4xx_hal_msp.c **** /* Private macro -------------------------------------------------------------*/
  39:Core/Src/stm32f4xx_hal_msp.c **** /* USER CODE BEGIN Macro */
  40:Core/Src/stm32f4xx_hal_msp.c **** 
  41:Core/Src/stm32f4xx_hal_msp.c **** /* USER CODE END Macro */
  42:Core/Src/stm32f4xx_hal_msp.c **** 
  43:Core/Src/stm32f4xx_hal_msp.c **** /* Private variables ---------------------------------------------------------*/
  44:Core/Src/stm32f4xx_hal_msp.c **** /* USER CODE BEGIN PV */
  45:Core/Src/stm32f4xx_hal_msp.c **** 
  46:Core/Src/stm32f4xx_hal_msp.c **** /* USER CODE END PV */
  47:Core/Src/stm32f4xx_hal_msp.c **** 
  48:Core/Src/stm32f4xx_hal_msp.c **** /* Private function prototypes -----------------------------------------------*/
  49:Core/Src/stm32f4xx_hal_msp.c **** /* USER CODE BEGIN PFP */
  50:Core/Src/stm32f4xx_hal_msp.c **** 
  51:Core/Src/stm32f4xx_hal_msp.c **** /* USER CODE END PFP */
  52:Core/Src/stm32f4xx_hal_msp.c **** 
  53:Core/Src/stm32f4xx_hal_msp.c **** /* External functions --------------------------------------------------------*/
  54:Core/Src/stm32f4xx_hal_msp.c **** /* USER CODE BEGIN ExternalFunctions */
  55:Core/Src/stm32f4xx_hal_msp.c **** 
  56:Core/Src/stm32f4xx_hal_msp.c **** /* USER CODE END ExternalFunctions */
  57:Core/Src/stm32f4xx_hal_msp.c **** 
  58:Core/Src/stm32f4xx_hal_msp.c **** /* USER CODE BEGIN 0 */
  59:Core/Src/stm32f4xx_hal_msp.c **** 
  60:Core/Src/stm32f4xx_hal_msp.c **** /* USER CODE END 0 */
  61:Core/Src/stm32f4xx_hal_msp.c **** /**
  62:Core/Src/stm32f4xx_hal_msp.c ****   * Initializes the Global MSP.
  63:Core/Src/stm32f4xx_hal_msp.c ****   */
  64:Core/Src/stm32f4xx_hal_msp.c **** void HAL_MspInit(void)
  65:Core/Src/stm32f4xx_hal_msp.c **** {
  29              		.loc 1 65 1 view -0
  30              		.cfi_startproc
  31              		@ args = 0, pretend = 0, frame = 8
  32              		@ frame_needed = 0, uses_anonymous_args = 0
  33              		@ link register save eliminated.
  34 0000 82B0     		sub	sp, sp, #8
  35              		.cfi_def_cfa_offset 8
  66:Core/Src/stm32f4xx_hal_msp.c **** 
  67:Core/Src/stm32f4xx_hal_msp.c ****   /* USER CODE BEGIN MspInit 0 */
  68:Core/Src/stm32f4xx_hal_msp.c **** 
  69:Core/Src/stm32f4xx_hal_msp.c ****   /* USER CODE END MspInit 0 */
  70:Core/Src/stm32f4xx_hal_msp.c **** 
  71:Core/Src/stm32f4xx_hal_msp.c ****   __HAL_RCC_SYSCFG_CLK_ENABLE();
  36              		.loc 1 71 3 view .LVU1
  37              	.LBB2:
  38              		.loc 1 71 3 view .LVU2
  39 0002 0021     		movs	r1, #0
  40 0004 0091     		str	r1, [sp]
  41              		.loc 1 71 3 view .LVU3
  42 0006 0B4B     		ldr	r3, .L3
  43 0008 5A6C     		ldr	r2, [r3, #68]
  44 000a 42F48042 		orr	r2, r2, #16384
ARM GAS  /tmp/ccp3ggJz.s 			page 3


  45 000e 5A64     		str	r2, [r3, #68]
  46              		.loc 1 71 3 view .LVU4
  47 0010 5A6C     		ldr	r2, [r3, #68]
  48 0012 02F48042 		and	r2, r2, #16384
  49 0016 0092     		str	r2, [sp]
  50              		.loc 1 71 3 view .LVU5
  51 0018 009A     		ldr	r2, [sp]
  52              	.LBE2:
  53              		.loc 1 71 3 view .LVU6
  72:Core/Src/stm32f4xx_hal_msp.c ****   __HAL_RCC_PWR_CLK_ENABLE();
  54              		.loc 1 72 3 view .LVU7
  55              	.LBB3:
  56              		.loc 1 72 3 view .LVU8
  57 001a 0191     		str	r1, [sp, #4]
  58              		.loc 1 72 3 view .LVU9
  59 001c 1A6C     		ldr	r2, [r3, #64]
  60 001e 42F08052 		orr	r2, r2, #268435456
  61 0022 1A64     		str	r2, [r3, #64]
  62              		.loc 1 72 3 view .LVU10
  63 0024 1B6C     		ldr	r3, [r3, #64]
  64 0026 03F08053 		and	r3, r3, #268435456
  65 002a 0193     		str	r3, [sp, #4]
  66              		.loc 1 72 3 view .LVU11
  67 002c 019B     		ldr	r3, [sp, #4]
  68              	.LBE3:
  69              		.loc 1 72 3 view .LVU12
  73:Core/Src/stm32f4xx_hal_msp.c **** 
  74:Core/Src/stm32f4xx_hal_msp.c ****   /* System interrupt init*/
  75:Core/Src/stm32f4xx_hal_msp.c **** 
  76:Core/Src/stm32f4xx_hal_msp.c ****   /* USER CODE BEGIN MspInit 1 */
  77:Core/Src/stm32f4xx_hal_msp.c **** 
  78:Core/Src/stm32f4xx_hal_msp.c ****   /* USER CODE END MspInit 1 */
  79:Core/Src/stm32f4xx_hal_msp.c **** }
  70              		.loc 1 79 1 is_stmt 0 view .LVU13
  71 002e 02B0     		add	sp, sp, #8
  72              		.cfi_def_cfa_offset 0
  73              		@ sp needed
  74 0030 7047     		bx	lr
  75              	.L4:
  76 0032 00BF     		.align	2
  77              	.L3:
  78 0034 00380240 		.word	1073887232
  79              		.cfi_endproc
  80              	.LFE134:
  82              		.section	.text.HAL_I2C_MspInit,"ax",%progbits
  83              		.align	1
  84              		.global	HAL_I2C_MspInit
  85              		.syntax unified
  86              		.thumb
  87              		.thumb_func
  89              	HAL_I2C_MspInit:
  90              	.LVL0:
  91              	.LFB135:
  80:Core/Src/stm32f4xx_hal_msp.c **** 
  81:Core/Src/stm32f4xx_hal_msp.c **** /**
  82:Core/Src/stm32f4xx_hal_msp.c **** * @brief I2C MSP Initialization
  83:Core/Src/stm32f4xx_hal_msp.c **** * This function configures the hardware resources used in this example
ARM GAS  /tmp/ccp3ggJz.s 			page 4


  84:Core/Src/stm32f4xx_hal_msp.c **** * @param hi2c: I2C handle pointer
  85:Core/Src/stm32f4xx_hal_msp.c **** * @retval None
  86:Core/Src/stm32f4xx_hal_msp.c **** */
  87:Core/Src/stm32f4xx_hal_msp.c **** void HAL_I2C_MspInit(I2C_HandleTypeDef* hi2c)
  88:Core/Src/stm32f4xx_hal_msp.c **** {
  92              		.loc 1 88 1 is_stmt 1 view -0
  93              		.cfi_startproc
  94              		@ args = 0, pretend = 0, frame = 32
  95              		@ frame_needed = 0, uses_anonymous_args = 0
  96              		.loc 1 88 1 is_stmt 0 view .LVU15
  97 0000 30B5     		push	{r4, r5, lr}
  98              		.cfi_def_cfa_offset 12
  99              		.cfi_offset 4, -12
 100              		.cfi_offset 5, -8
 101              		.cfi_offset 14, -4
 102 0002 89B0     		sub	sp, sp, #36
 103              		.cfi_def_cfa_offset 48
  89:Core/Src/stm32f4xx_hal_msp.c ****   GPIO_InitTypeDef GPIO_InitStruct = {0};
 104              		.loc 1 89 3 is_stmt 1 view .LVU16
 105              		.loc 1 89 20 is_stmt 0 view .LVU17
 106 0004 0023     		movs	r3, #0
 107 0006 0393     		str	r3, [sp, #12]
 108 0008 0493     		str	r3, [sp, #16]
 109 000a 0593     		str	r3, [sp, #20]
 110 000c 0693     		str	r3, [sp, #24]
 111 000e 0793     		str	r3, [sp, #28]
  90:Core/Src/stm32f4xx_hal_msp.c ****   if(hi2c->Instance==I2C1)
 112              		.loc 1 90 3 is_stmt 1 view .LVU18
 113              		.loc 1 90 10 is_stmt 0 view .LVU19
 114 0010 0268     		ldr	r2, [r0]
 115              		.loc 1 90 5 view .LVU20
 116 0012 144B     		ldr	r3, .L9
 117 0014 9A42     		cmp	r2, r3
 118 0016 01D0     		beq	.L8
 119              	.LVL1:
 120              	.L5:
  91:Core/Src/stm32f4xx_hal_msp.c ****   {
  92:Core/Src/stm32f4xx_hal_msp.c ****   /* USER CODE BEGIN I2C1_MspInit 0 */
  93:Core/Src/stm32f4xx_hal_msp.c **** 
  94:Core/Src/stm32f4xx_hal_msp.c ****   /* USER CODE END I2C1_MspInit 0 */
  95:Core/Src/stm32f4xx_hal_msp.c **** 
  96:Core/Src/stm32f4xx_hal_msp.c ****     __HAL_RCC_GPIOB_CLK_ENABLE();
  97:Core/Src/stm32f4xx_hal_msp.c ****     /**I2C1 GPIO Configuration
  98:Core/Src/stm32f4xx_hal_msp.c ****     PB6     ------> I2C1_SCL
  99:Core/Src/stm32f4xx_hal_msp.c ****     PB7     ------> I2C1_SDA
 100:Core/Src/stm32f4xx_hal_msp.c ****     */
 101:Core/Src/stm32f4xx_hal_msp.c ****     GPIO_InitStruct.Pin = GPIO_PIN_6|GPIO_PIN_7;
 102:Core/Src/stm32f4xx_hal_msp.c ****     GPIO_InitStruct.Mode = GPIO_MODE_AF_OD;
 103:Core/Src/stm32f4xx_hal_msp.c ****     GPIO_InitStruct.Pull = GPIO_NOPULL;
 104:Core/Src/stm32f4xx_hal_msp.c ****     GPIO_InitStruct.Speed = GPIO_SPEED_FREQ_VERY_HIGH;
 105:Core/Src/stm32f4xx_hal_msp.c ****     GPIO_InitStruct.Alternate = GPIO_AF4_I2C1;
 106:Core/Src/stm32f4xx_hal_msp.c ****     HAL_GPIO_Init(GPIOB, &GPIO_InitStruct);
 107:Core/Src/stm32f4xx_hal_msp.c **** 
 108:Core/Src/stm32f4xx_hal_msp.c ****     /* Peripheral clock enable */
 109:Core/Src/stm32f4xx_hal_msp.c ****     __HAL_RCC_I2C1_CLK_ENABLE();
 110:Core/Src/stm32f4xx_hal_msp.c ****   /* USER CODE BEGIN I2C1_MspInit 1 */
 111:Core/Src/stm32f4xx_hal_msp.c **** 
ARM GAS  /tmp/ccp3ggJz.s 			page 5


 112:Core/Src/stm32f4xx_hal_msp.c ****   /* USER CODE END I2C1_MspInit 1 */
 113:Core/Src/stm32f4xx_hal_msp.c **** 
 114:Core/Src/stm32f4xx_hal_msp.c ****   }
 115:Core/Src/stm32f4xx_hal_msp.c **** 
 116:Core/Src/stm32f4xx_hal_msp.c **** }
 121              		.loc 1 116 1 view .LVU21
 122 0018 09B0     		add	sp, sp, #36
 123              		.cfi_remember_state
 124              		.cfi_def_cfa_offset 12
 125              		@ sp needed
 126 001a 30BD     		pop	{r4, r5, pc}
 127              	.LVL2:
 128              	.L8:
 129              		.cfi_restore_state
  96:Core/Src/stm32f4xx_hal_msp.c ****     /**I2C1 GPIO Configuration
 130              		.loc 1 96 5 is_stmt 1 view .LVU22
 131              	.LBB4:
  96:Core/Src/stm32f4xx_hal_msp.c ****     /**I2C1 GPIO Configuration
 132              		.loc 1 96 5 view .LVU23
 133 001c 0025     		movs	r5, #0
 134 001e 0195     		str	r5, [sp, #4]
  96:Core/Src/stm32f4xx_hal_msp.c ****     /**I2C1 GPIO Configuration
 135              		.loc 1 96 5 view .LVU24
 136 0020 114C     		ldr	r4, .L9+4
 137 0022 236B     		ldr	r3, [r4, #48]
 138 0024 43F00203 		orr	r3, r3, #2
 139 0028 2363     		str	r3, [r4, #48]
  96:Core/Src/stm32f4xx_hal_msp.c ****     /**I2C1 GPIO Configuration
 140              		.loc 1 96 5 view .LVU25
 141 002a 236B     		ldr	r3, [r4, #48]
 142 002c 03F00203 		and	r3, r3, #2
 143 0030 0193     		str	r3, [sp, #4]
  96:Core/Src/stm32f4xx_hal_msp.c ****     /**I2C1 GPIO Configuration
 144              		.loc 1 96 5 view .LVU26
 145 0032 019B     		ldr	r3, [sp, #4]
 146              	.LBE4:
  96:Core/Src/stm32f4xx_hal_msp.c ****     /**I2C1 GPIO Configuration
 147              		.loc 1 96 5 view .LVU27
 101:Core/Src/stm32f4xx_hal_msp.c ****     GPIO_InitStruct.Mode = GPIO_MODE_AF_OD;
 148              		.loc 1 101 5 view .LVU28
 101:Core/Src/stm32f4xx_hal_msp.c ****     GPIO_InitStruct.Mode = GPIO_MODE_AF_OD;
 149              		.loc 1 101 25 is_stmt 0 view .LVU29
 150 0034 C023     		movs	r3, #192
 151 0036 0393     		str	r3, [sp, #12]
 102:Core/Src/stm32f4xx_hal_msp.c ****     GPIO_InitStruct.Pull = GPIO_NOPULL;
 152              		.loc 1 102 5 is_stmt 1 view .LVU30
 102:Core/Src/stm32f4xx_hal_msp.c ****     GPIO_InitStruct.Pull = GPIO_NOPULL;
 153              		.loc 1 102 26 is_stmt 0 view .LVU31
 154 0038 1223     		movs	r3, #18
 155 003a 0493     		str	r3, [sp, #16]
 103:Core/Src/stm32f4xx_hal_msp.c ****     GPIO_InitStruct.Speed = GPIO_SPEED_FREQ_VERY_HIGH;
 156              		.loc 1 103 5 is_stmt 1 view .LVU32
 104:Core/Src/stm32f4xx_hal_msp.c ****     GPIO_InitStruct.Alternate = GPIO_AF4_I2C1;
 157              		.loc 1 104 5 view .LVU33
 104:Core/Src/stm32f4xx_hal_msp.c ****     GPIO_InitStruct.Alternate = GPIO_AF4_I2C1;
 158              		.loc 1 104 27 is_stmt 0 view .LVU34
 159 003c 0323     		movs	r3, #3
ARM GAS  /tmp/ccp3ggJz.s 			page 6


 160 003e 0693     		str	r3, [sp, #24]
 105:Core/Src/stm32f4xx_hal_msp.c ****     HAL_GPIO_Init(GPIOB, &GPIO_InitStruct);
 161              		.loc 1 105 5 is_stmt 1 view .LVU35
 105:Core/Src/stm32f4xx_hal_msp.c ****     HAL_GPIO_Init(GPIOB, &GPIO_InitStruct);
 162              		.loc 1 105 31 is_stmt 0 view .LVU36
 163 0040 0423     		movs	r3, #4
 164 0042 0793     		str	r3, [sp, #28]
 106:Core/Src/stm32f4xx_hal_msp.c **** 
 165              		.loc 1 106 5 is_stmt 1 view .LVU37
 166 0044 03A9     		add	r1, sp, #12
 167 0046 0948     		ldr	r0, .L9+8
 168              	.LVL3:
 106:Core/Src/stm32f4xx_hal_msp.c **** 
 169              		.loc 1 106 5 is_stmt 0 view .LVU38
 170 0048 FFF7FEFF 		bl	HAL_GPIO_Init
 171              	.LVL4:
 109:Core/Src/stm32f4xx_hal_msp.c ****   /* USER CODE BEGIN I2C1_MspInit 1 */
 172              		.loc 1 109 5 is_stmt 1 view .LVU39
 173              	.LBB5:
 109:Core/Src/stm32f4xx_hal_msp.c ****   /* USER CODE BEGIN I2C1_MspInit 1 */
 174              		.loc 1 109 5 view .LVU40
 175 004c 0295     		str	r5, [sp, #8]
 109:Core/Src/stm32f4xx_hal_msp.c ****   /* USER CODE BEGIN I2C1_MspInit 1 */
 176              		.loc 1 109 5 view .LVU41
 177 004e 236C     		ldr	r3, [r4, #64]
 178 0050 43F40013 		orr	r3, r3, #2097152
 179 0054 2364     		str	r3, [r4, #64]
 109:Core/Src/stm32f4xx_hal_msp.c ****   /* USER CODE BEGIN I2C1_MspInit 1 */
 180              		.loc 1 109 5 view .LVU42
 181 0056 236C     		ldr	r3, [r4, #64]
 182 0058 03F40013 		and	r3, r3, #2097152
 183 005c 0293     		str	r3, [sp, #8]
 109:Core/Src/stm32f4xx_hal_msp.c ****   /* USER CODE BEGIN I2C1_MspInit 1 */
 184              		.loc 1 109 5 view .LVU43
 185 005e 029B     		ldr	r3, [sp, #8]
 186              	.LBE5:
 109:Core/Src/stm32f4xx_hal_msp.c ****   /* USER CODE BEGIN I2C1_MspInit 1 */
 187              		.loc 1 109 5 discriminator 1 view .LVU44
 188              		.loc 1 116 1 is_stmt 0 view .LVU45
 189 0060 DAE7     		b	.L5
 190              	.L10:
 191 0062 00BF     		.align	2
 192              	.L9:
 193 0064 00540040 		.word	1073763328
 194 0068 00380240 		.word	1073887232
 195 006c 00040240 		.word	1073873920
 196              		.cfi_endproc
 197              	.LFE135:
 199              		.section	.text.HAL_I2C_MspDeInit,"ax",%progbits
 200              		.align	1
 201              		.global	HAL_I2C_MspDeInit
 202              		.syntax unified
 203              		.thumb
 204              		.thumb_func
 206              	HAL_I2C_MspDeInit:
 207              	.LVL5:
 208              	.LFB136:
ARM GAS  /tmp/ccp3ggJz.s 			page 7


 117:Core/Src/stm32f4xx_hal_msp.c **** 
 118:Core/Src/stm32f4xx_hal_msp.c **** /**
 119:Core/Src/stm32f4xx_hal_msp.c **** * @brief I2C MSP De-Initialization
 120:Core/Src/stm32f4xx_hal_msp.c **** * This function freeze the hardware resources used in this example
 121:Core/Src/stm32f4xx_hal_msp.c **** * @param hi2c: I2C handle pointer
 122:Core/Src/stm32f4xx_hal_msp.c **** * @retval None
 123:Core/Src/stm32f4xx_hal_msp.c **** */
 124:Core/Src/stm32f4xx_hal_msp.c **** void HAL_I2C_MspDeInit(I2C_HandleTypeDef* hi2c)
 125:Core/Src/stm32f4xx_hal_msp.c **** {
 209              		.loc 1 125 1 is_stmt 1 view -0
 210              		.cfi_startproc
 211              		@ args = 0, pretend = 0, frame = 0
 212              		@ frame_needed = 0, uses_anonymous_args = 0
 126:Core/Src/stm32f4xx_hal_msp.c ****   if(hi2c->Instance==I2C1)
 213              		.loc 1 126 3 view .LVU47
 214              		.loc 1 126 10 is_stmt 0 view .LVU48
 215 0000 0268     		ldr	r2, [r0]
 216              		.loc 1 126 5 view .LVU49
 217 0002 0A4B     		ldr	r3, .L18
 218 0004 9A42     		cmp	r2, r3
 219 0006 00D0     		beq	.L17
 220 0008 7047     		bx	lr
 221              	.L17:
 125:Core/Src/stm32f4xx_hal_msp.c ****   if(hi2c->Instance==I2C1)
 222              		.loc 1 125 1 view .LVU50
 223 000a 10B5     		push	{r4, lr}
 224              		.cfi_def_cfa_offset 8
 225              		.cfi_offset 4, -8
 226              		.cfi_offset 14, -4
 127:Core/Src/stm32f4xx_hal_msp.c ****   {
 128:Core/Src/stm32f4xx_hal_msp.c ****   /* USER CODE BEGIN I2C1_MspDeInit 0 */
 129:Core/Src/stm32f4xx_hal_msp.c **** 
 130:Core/Src/stm32f4xx_hal_msp.c ****   /* USER CODE END I2C1_MspDeInit 0 */
 131:Core/Src/stm32f4xx_hal_msp.c ****     /* Peripheral clock disable */
 132:Core/Src/stm32f4xx_hal_msp.c ****     __HAL_RCC_I2C1_CLK_DISABLE();
 227              		.loc 1 132 5 is_stmt 1 view .LVU51
 228 000c 084A     		ldr	r2, .L18+4
 229 000e 136C     		ldr	r3, [r2, #64]
 230 0010 23F40013 		bic	r3, r3, #2097152
 231 0014 1364     		str	r3, [r2, #64]
 133:Core/Src/stm32f4xx_hal_msp.c **** 
 134:Core/Src/stm32f4xx_hal_msp.c ****     /**I2C1 GPIO Configuration
 135:Core/Src/stm32f4xx_hal_msp.c ****     PB6     ------> I2C1_SCL
 136:Core/Src/stm32f4xx_hal_msp.c ****     PB7     ------> I2C1_SDA
 137:Core/Src/stm32f4xx_hal_msp.c ****     */
 138:Core/Src/stm32f4xx_hal_msp.c ****     HAL_GPIO_DeInit(GPIOB, GPIO_PIN_6);
 232              		.loc 1 138 5 view .LVU52
 233 0016 074C     		ldr	r4, .L18+8
 234 0018 4021     		movs	r1, #64
 235 001a 2046     		mov	r0, r4
 236              	.LVL6:
 237              		.loc 1 138 5 is_stmt 0 view .LVU53
 238 001c FFF7FEFF 		bl	HAL_GPIO_DeInit
 239              	.LVL7:
 139:Core/Src/stm32f4xx_hal_msp.c **** 
 140:Core/Src/stm32f4xx_hal_msp.c ****     HAL_GPIO_DeInit(GPIOB, GPIO_PIN_7);
 240              		.loc 1 140 5 is_stmt 1 view .LVU54
ARM GAS  /tmp/ccp3ggJz.s 			page 8


 241 0020 8021     		movs	r1, #128
 242 0022 2046     		mov	r0, r4
 243 0024 FFF7FEFF 		bl	HAL_GPIO_DeInit
 244              	.LVL8:
 141:Core/Src/stm32f4xx_hal_msp.c **** 
 142:Core/Src/stm32f4xx_hal_msp.c ****   /* USER CODE BEGIN I2C1_MspDeInit 1 */
 143:Core/Src/stm32f4xx_hal_msp.c **** 
 144:Core/Src/stm32f4xx_hal_msp.c ****   /* USER CODE END I2C1_MspDeInit 1 */
 145:Core/Src/stm32f4xx_hal_msp.c ****   }
 146:Core/Src/stm32f4xx_hal_msp.c **** 
 147:Core/Src/stm32f4xx_hal_msp.c **** }
 245              		.loc 1 147 1 is_stmt 0 view .LVU55
 246 0028 10BD     		pop	{r4, pc}
 247              	.L19:
 248 002a 00BF     		.align	2
 249              	.L18:
 250 002c 00540040 		.word	1073763328
 251 0030 00380240 		.word	1073887232
 252 0034 00040240 		.word	1073873920
 253              		.cfi_endproc
 254              	.LFE136:
 256              		.section	.text.HAL_UART_MspInit,"ax",%progbits
 257              		.align	1
 258              		.global	HAL_UART_MspInit
 259              		.syntax unified
 260              		.thumb
 261              		.thumb_func
 263              	HAL_UART_MspInit:
 264              	.LVL9:
 265              	.LFB137:
 148:Core/Src/stm32f4xx_hal_msp.c **** 
 149:Core/Src/stm32f4xx_hal_msp.c **** /**
 150:Core/Src/stm32f4xx_hal_msp.c **** * @brief UART MSP Initialization
 151:Core/Src/stm32f4xx_hal_msp.c **** * This function configures the hardware resources used in this example
 152:Core/Src/stm32f4xx_hal_msp.c **** * @param huart: UART handle pointer
 153:Core/Src/stm32f4xx_hal_msp.c **** * @retval None
 154:Core/Src/stm32f4xx_hal_msp.c **** */
 155:Core/Src/stm32f4xx_hal_msp.c **** void HAL_UART_MspInit(UART_HandleTypeDef* huart)
 156:Core/Src/stm32f4xx_hal_msp.c **** {
 266              		.loc 1 156 1 is_stmt 1 view -0
 267              		.cfi_startproc
 268              		@ args = 0, pretend = 0, frame = 32
 269              		@ frame_needed = 0, uses_anonymous_args = 0
 270              		.loc 1 156 1 is_stmt 0 view .LVU57
 271 0000 00B5     		push	{lr}
 272              		.cfi_def_cfa_offset 4
 273              		.cfi_offset 14, -4
 274 0002 89B0     		sub	sp, sp, #36
 275              		.cfi_def_cfa_offset 40
 157:Core/Src/stm32f4xx_hal_msp.c ****   GPIO_InitTypeDef GPIO_InitStruct = {0};
 276              		.loc 1 157 3 is_stmt 1 view .LVU58
 277              		.loc 1 157 20 is_stmt 0 view .LVU59
 278 0004 0023     		movs	r3, #0
 279 0006 0393     		str	r3, [sp, #12]
 280 0008 0493     		str	r3, [sp, #16]
 281 000a 0593     		str	r3, [sp, #20]
 282 000c 0693     		str	r3, [sp, #24]
ARM GAS  /tmp/ccp3ggJz.s 			page 9


 283 000e 0793     		str	r3, [sp, #28]
 158:Core/Src/stm32f4xx_hal_msp.c ****   if(huart->Instance==USART1)
 284              		.loc 1 158 3 is_stmt 1 view .LVU60
 285              		.loc 1 158 11 is_stmt 0 view .LVU61
 286 0010 0268     		ldr	r2, [r0]
 287              		.loc 1 158 5 view .LVU62
 288 0012 03F18043 		add	r3, r3, #1073741824
 289 0016 03F58833 		add	r3, r3, #69632
 290 001a 9A42     		cmp	r2, r3
 291 001c 02D0     		beq	.L23
 292              	.LVL10:
 293              	.L20:
 159:Core/Src/stm32f4xx_hal_msp.c ****   {
 160:Core/Src/stm32f4xx_hal_msp.c ****   /* USER CODE BEGIN USART1_MspInit 0 */
 161:Core/Src/stm32f4xx_hal_msp.c **** 
 162:Core/Src/stm32f4xx_hal_msp.c ****   /* USER CODE END USART1_MspInit 0 */
 163:Core/Src/stm32f4xx_hal_msp.c ****     /* Peripheral clock enable */
 164:Core/Src/stm32f4xx_hal_msp.c ****     __HAL_RCC_USART1_CLK_ENABLE();
 165:Core/Src/stm32f4xx_hal_msp.c **** 
 166:Core/Src/stm32f4xx_hal_msp.c ****     __HAL_RCC_GPIOA_CLK_ENABLE();
 167:Core/Src/stm32f4xx_hal_msp.c ****     /**USART1 GPIO Configuration
 168:Core/Src/stm32f4xx_hal_msp.c ****     PA9     ------> USART1_TX
 169:Core/Src/stm32f4xx_hal_msp.c ****     PA10     ------> USART1_RX
 170:Core/Src/stm32f4xx_hal_msp.c ****     */
 171:Core/Src/stm32f4xx_hal_msp.c ****     GPIO_InitStruct.Pin = GPIO_PIN_9|GPIO_PIN_10;
 172:Core/Src/stm32f4xx_hal_msp.c ****     GPIO_InitStruct.Mode = GPIO_MODE_AF_PP;
 173:Core/Src/stm32f4xx_hal_msp.c ****     GPIO_InitStruct.Pull = GPIO_NOPULL;
 174:Core/Src/stm32f4xx_hal_msp.c ****     GPIO_InitStruct.Speed = GPIO_SPEED_FREQ_VERY_HIGH;
 175:Core/Src/stm32f4xx_hal_msp.c ****     GPIO_InitStruct.Alternate = GPIO_AF7_USART1;
 176:Core/Src/stm32f4xx_hal_msp.c ****     HAL_GPIO_Init(GPIOA, &GPIO_InitStruct);
 177:Core/Src/stm32f4xx_hal_msp.c **** 
 178:Core/Src/stm32f4xx_hal_msp.c ****   /* USER CODE BEGIN USART1_MspInit 1 */
 179:Core/Src/stm32f4xx_hal_msp.c **** 
 180:Core/Src/stm32f4xx_hal_msp.c ****   /* USER CODE END USART1_MspInit 1 */
 181:Core/Src/stm32f4xx_hal_msp.c **** 
 182:Core/Src/stm32f4xx_hal_msp.c ****   }
 183:Core/Src/stm32f4xx_hal_msp.c **** 
 184:Core/Src/stm32f4xx_hal_msp.c **** }
 294              		.loc 1 184 1 view .LVU63
 295 001e 09B0     		add	sp, sp, #36
 296              		.cfi_remember_state
 297              		.cfi_def_cfa_offset 4
 298              		@ sp needed
 299 0020 5DF804FB 		ldr	pc, [sp], #4
 300              	.LVL11:
 301              	.L23:
 302              		.cfi_restore_state
 164:Core/Src/stm32f4xx_hal_msp.c **** 
 303              		.loc 1 164 5 is_stmt 1 view .LVU64
 304              	.LBB6:
 164:Core/Src/stm32f4xx_hal_msp.c **** 
 305              		.loc 1 164 5 view .LVU65
 306 0024 0021     		movs	r1, #0
 307 0026 0191     		str	r1, [sp, #4]
 164:Core/Src/stm32f4xx_hal_msp.c **** 
 308              		.loc 1 164 5 view .LVU66
 309 0028 03F59433 		add	r3, r3, #75776
ARM GAS  /tmp/ccp3ggJz.s 			page 10


 310 002c 5A6C     		ldr	r2, [r3, #68]
 311 002e 42F01002 		orr	r2, r2, #16
 312 0032 5A64     		str	r2, [r3, #68]
 164:Core/Src/stm32f4xx_hal_msp.c **** 
 313              		.loc 1 164 5 view .LVU67
 314 0034 5A6C     		ldr	r2, [r3, #68]
 315 0036 02F01002 		and	r2, r2, #16
 316 003a 0192     		str	r2, [sp, #4]
 164:Core/Src/stm32f4xx_hal_msp.c **** 
 317              		.loc 1 164 5 view .LVU68
 318 003c 019A     		ldr	r2, [sp, #4]
 319              	.LBE6:
 164:Core/Src/stm32f4xx_hal_msp.c **** 
 320              		.loc 1 164 5 view .LVU69
 166:Core/Src/stm32f4xx_hal_msp.c ****     /**USART1 GPIO Configuration
 321              		.loc 1 166 5 view .LVU70
 322              	.LBB7:
 166:Core/Src/stm32f4xx_hal_msp.c ****     /**USART1 GPIO Configuration
 323              		.loc 1 166 5 view .LVU71
 324 003e 0291     		str	r1, [sp, #8]
 166:Core/Src/stm32f4xx_hal_msp.c ****     /**USART1 GPIO Configuration
 325              		.loc 1 166 5 view .LVU72
 326 0040 1A6B     		ldr	r2, [r3, #48]
 327 0042 42F00102 		orr	r2, r2, #1
 328 0046 1A63     		str	r2, [r3, #48]
 166:Core/Src/stm32f4xx_hal_msp.c ****     /**USART1 GPIO Configuration
 329              		.loc 1 166 5 view .LVU73
 330 0048 1B6B     		ldr	r3, [r3, #48]
 331 004a 03F00103 		and	r3, r3, #1
 332 004e 0293     		str	r3, [sp, #8]
 166:Core/Src/stm32f4xx_hal_msp.c ****     /**USART1 GPIO Configuration
 333              		.loc 1 166 5 view .LVU74
 334 0050 029B     		ldr	r3, [sp, #8]
 335              	.LBE7:
 166:Core/Src/stm32f4xx_hal_msp.c ****     /**USART1 GPIO Configuration
 336              		.loc 1 166 5 view .LVU75
 171:Core/Src/stm32f4xx_hal_msp.c ****     GPIO_InitStruct.Mode = GPIO_MODE_AF_PP;
 337              		.loc 1 171 5 view .LVU76
 171:Core/Src/stm32f4xx_hal_msp.c ****     GPIO_InitStruct.Mode = GPIO_MODE_AF_PP;
 338              		.loc 1 171 25 is_stmt 0 view .LVU77
 339 0052 4FF4C063 		mov	r3, #1536
 340 0056 0393     		str	r3, [sp, #12]
 172:Core/Src/stm32f4xx_hal_msp.c ****     GPIO_InitStruct.Pull = GPIO_NOPULL;
 341              		.loc 1 172 5 is_stmt 1 view .LVU78
 172:Core/Src/stm32f4xx_hal_msp.c ****     GPIO_InitStruct.Pull = GPIO_NOPULL;
 342              		.loc 1 172 26 is_stmt 0 view .LVU79
 343 0058 0223     		movs	r3, #2
 344 005a 0493     		str	r3, [sp, #16]
 173:Core/Src/stm32f4xx_hal_msp.c ****     GPIO_InitStruct.Speed = GPIO_SPEED_FREQ_VERY_HIGH;
 345              		.loc 1 173 5 is_stmt 1 view .LVU80
 174:Core/Src/stm32f4xx_hal_msp.c ****     GPIO_InitStruct.Alternate = GPIO_AF7_USART1;
 346              		.loc 1 174 5 view .LVU81
 174:Core/Src/stm32f4xx_hal_msp.c ****     GPIO_InitStruct.Alternate = GPIO_AF7_USART1;
 347              		.loc 1 174 27 is_stmt 0 view .LVU82
 348 005c 0323     		movs	r3, #3
 349 005e 0693     		str	r3, [sp, #24]
 175:Core/Src/stm32f4xx_hal_msp.c ****     HAL_GPIO_Init(GPIOA, &GPIO_InitStruct);
ARM GAS  /tmp/ccp3ggJz.s 			page 11


 350              		.loc 1 175 5 is_stmt 1 view .LVU83
 175:Core/Src/stm32f4xx_hal_msp.c ****     HAL_GPIO_Init(GPIOA, &GPIO_InitStruct);
 351              		.loc 1 175 31 is_stmt 0 view .LVU84
 352 0060 0723     		movs	r3, #7
 353 0062 0793     		str	r3, [sp, #28]
 176:Core/Src/stm32f4xx_hal_msp.c **** 
 354              		.loc 1 176 5 is_stmt 1 view .LVU85
 355 0064 03A9     		add	r1, sp, #12
 356 0066 0248     		ldr	r0, .L24
 357              	.LVL12:
 176:Core/Src/stm32f4xx_hal_msp.c **** 
 358              		.loc 1 176 5 is_stmt 0 view .LVU86
 359 0068 FFF7FEFF 		bl	HAL_GPIO_Init
 360              	.LVL13:
 361              		.loc 1 184 1 view .LVU87
 362 006c D7E7     		b	.L20
 363              	.L25:
 364 006e 00BF     		.align	2
 365              	.L24:
 366 0070 00000240 		.word	1073872896
 367              		.cfi_endproc
 368              	.LFE137:
 370              		.section	.text.HAL_UART_MspDeInit,"ax",%progbits
 371              		.align	1
 372              		.global	HAL_UART_MspDeInit
 373              		.syntax unified
 374              		.thumb
 375              		.thumb_func
 377              	HAL_UART_MspDeInit:
 378              	.LVL14:
 379              	.LFB138:
 185:Core/Src/stm32f4xx_hal_msp.c **** 
 186:Core/Src/stm32f4xx_hal_msp.c **** /**
 187:Core/Src/stm32f4xx_hal_msp.c **** * @brief UART MSP De-Initialization
 188:Core/Src/stm32f4xx_hal_msp.c **** * This function freeze the hardware resources used in this example
 189:Core/Src/stm32f4xx_hal_msp.c **** * @param huart: UART handle pointer
 190:Core/Src/stm32f4xx_hal_msp.c **** * @retval None
 191:Core/Src/stm32f4xx_hal_msp.c **** */
 192:Core/Src/stm32f4xx_hal_msp.c **** void HAL_UART_MspDeInit(UART_HandleTypeDef* huart)
 193:Core/Src/stm32f4xx_hal_msp.c **** {
 380              		.loc 1 193 1 is_stmt 1 view -0
 381              		.cfi_startproc
 382              		@ args = 0, pretend = 0, frame = 0
 383              		@ frame_needed = 0, uses_anonymous_args = 0
 384              		.loc 1 193 1 is_stmt 0 view .LVU89
 385 0000 08B5     		push	{r3, lr}
 386              		.cfi_def_cfa_offset 8
 387              		.cfi_offset 3, -8
 388              		.cfi_offset 14, -4
 194:Core/Src/stm32f4xx_hal_msp.c ****   if(huart->Instance==USART1)
 389              		.loc 1 194 3 is_stmt 1 view .LVU90
 390              		.loc 1 194 11 is_stmt 0 view .LVU91
 391 0002 0268     		ldr	r2, [r0]
 392              		.loc 1 194 5 view .LVU92
 393 0004 074B     		ldr	r3, .L30
 394 0006 9A42     		cmp	r2, r3
 395 0008 00D0     		beq	.L29
ARM GAS  /tmp/ccp3ggJz.s 			page 12


 396              	.LVL15:
 397              	.L26:
 195:Core/Src/stm32f4xx_hal_msp.c ****   {
 196:Core/Src/stm32f4xx_hal_msp.c ****   /* USER CODE BEGIN USART1_MspDeInit 0 */
 197:Core/Src/stm32f4xx_hal_msp.c **** 
 198:Core/Src/stm32f4xx_hal_msp.c ****   /* USER CODE END USART1_MspDeInit 0 */
 199:Core/Src/stm32f4xx_hal_msp.c ****     /* Peripheral clock disable */
 200:Core/Src/stm32f4xx_hal_msp.c ****     __HAL_RCC_USART1_CLK_DISABLE();
 201:Core/Src/stm32f4xx_hal_msp.c **** 
 202:Core/Src/stm32f4xx_hal_msp.c ****     /**USART1 GPIO Configuration
 203:Core/Src/stm32f4xx_hal_msp.c ****     PA9     ------> USART1_TX
 204:Core/Src/stm32f4xx_hal_msp.c ****     PA10     ------> USART1_RX
 205:Core/Src/stm32f4xx_hal_msp.c ****     */
 206:Core/Src/stm32f4xx_hal_msp.c ****     HAL_GPIO_DeInit(GPIOA, GPIO_PIN_9|GPIO_PIN_10);
 207:Core/Src/stm32f4xx_hal_msp.c **** 
 208:Core/Src/stm32f4xx_hal_msp.c ****   /* USER CODE BEGIN USART1_MspDeInit 1 */
 209:Core/Src/stm32f4xx_hal_msp.c **** 
 210:Core/Src/stm32f4xx_hal_msp.c ****   /* USER CODE END USART1_MspDeInit 1 */
 211:Core/Src/stm32f4xx_hal_msp.c ****   }
 212:Core/Src/stm32f4xx_hal_msp.c **** 
 213:Core/Src/stm32f4xx_hal_msp.c **** }
 398              		.loc 1 213 1 view .LVU93
 399 000a 08BD     		pop	{r3, pc}
 400              	.LVL16:
 401              	.L29:
 200:Core/Src/stm32f4xx_hal_msp.c **** 
 402              		.loc 1 200 5 is_stmt 1 view .LVU94
 403 000c 064A     		ldr	r2, .L30+4
 404 000e 536C     		ldr	r3, [r2, #68]
 405 0010 23F01003 		bic	r3, r3, #16
 406 0014 5364     		str	r3, [r2, #68]
 206:Core/Src/stm32f4xx_hal_msp.c **** 
 407              		.loc 1 206 5 view .LVU95
 408 0016 4FF4C061 		mov	r1, #1536
 409 001a 0448     		ldr	r0, .L30+8
 410              	.LVL17:
 206:Core/Src/stm32f4xx_hal_msp.c **** 
 411              		.loc 1 206 5 is_stmt 0 view .LVU96
 412 001c FFF7FEFF 		bl	HAL_GPIO_DeInit
 413              	.LVL18:
 414              		.loc 1 213 1 view .LVU97
 415 0020 F3E7     		b	.L26
 416              	.L31:
 417 0022 00BF     		.align	2
 418              	.L30:
 419 0024 00100140 		.word	1073811456
 420 0028 00380240 		.word	1073887232
 421 002c 00000240 		.word	1073872896
 422              		.cfi_endproc
 423              	.LFE138:
 425              		.text
 426              	.Letext0:
 427              		.file 2 "/usr/arm-none-eabi/include/machine/_default_types.h"
 428              		.file 3 "/usr/arm-none-eabi/include/sys/_stdint.h"
 429              		.file 4 "Drivers/CMSIS/Device/ST/STM32F4xx/Include/stm32f411xe.h"
 430              		.file 5 "Drivers/STM32F4xx_HAL_Driver/Inc/stm32f4xx_hal_def.h"
 431              		.file 6 "Drivers/STM32F4xx_HAL_Driver/Inc/stm32f4xx_hal_gpio.h"
ARM GAS  /tmp/ccp3ggJz.s 			page 13


 432              		.file 7 "Drivers/STM32F4xx_HAL_Driver/Inc/stm32f4xx_hal_dma.h"
 433              		.file 8 "Drivers/STM32F4xx_HAL_Driver/Inc/stm32f4xx_hal_i2c.h"
 434              		.file 9 "Drivers/STM32F4xx_HAL_Driver/Inc/stm32f4xx_hal_uart.h"
ARM GAS  /tmp/ccp3ggJz.s 			page 14


DEFINED SYMBOLS
                            *ABS*:00000000 stm32f4xx_hal_msp.c
     /tmp/ccp3ggJz.s:21     .text.HAL_MspInit:00000000 $t
     /tmp/ccp3ggJz.s:27     .text.HAL_MspInit:00000000 HAL_MspInit
     /tmp/ccp3ggJz.s:78     .text.HAL_MspInit:00000034 $d
     /tmp/ccp3ggJz.s:83     .text.HAL_I2C_MspInit:00000000 $t
     /tmp/ccp3ggJz.s:89     .text.HAL_I2C_MspInit:00000000 HAL_I2C_MspInit
     /tmp/ccp3ggJz.s:193    .text.HAL_I2C_MspInit:00000064 $d
     /tmp/ccp3ggJz.s:200    .text.HAL_I2C_MspDeInit:00000000 $t
     /tmp/ccp3ggJz.s:206    .text.HAL_I2C_MspDeInit:00000000 HAL_I2C_MspDeInit
     /tmp/ccp3ggJz.s:250    .text.HAL_I2C_MspDeInit:0000002c $d
     /tmp/ccp3ggJz.s:257    .text.HAL_UART_MspInit:00000000 $t
     /tmp/ccp3ggJz.s:263    .text.HAL_UART_MspInit:00000000 HAL_UART_MspInit
     /tmp/ccp3ggJz.s:366    .text.HAL_UART_MspInit:00000070 $d
     /tmp/ccp3ggJz.s:371    .text.HAL_UART_MspDeInit:00000000 $t
     /tmp/ccp3ggJz.s:377    .text.HAL_UART_MspDeInit:00000000 HAL_UART_MspDeInit
     /tmp/ccp3ggJz.s:419    .text.HAL_UART_MspDeInit:00000024 $d

UNDEFINED SYMBOLS
HAL_GPIO_Init
HAL_GPIO_DeInit
