ARM GAS  /tmp/ccPZtJmW.s 			page 1


   1              		.cpu cortex-m4
   2              		.arch armv7e-m
   3              		.fpu fpv4-sp-d16
   4              		.eabi_attribute 27, 1
   5              		.eabi_attribute 28, 1
   6              		.eabi_attribute 20, 1
   7              		.eabi_attribute 21, 1
   8              		.eabi_attribute 23, 3
   9              		.eabi_attribute 24, 1
  10              		.eabi_attribute 25, 1
  11              		.eabi_attribute 26, 1
  12              		.eabi_attribute 30, 1
  13              		.eabi_attribute 34, 1
  14              		.eabi_attribute 18, 4
  15              		.file	"accelerometer.c"
  16              		.text
  17              	.Ltext0:
  18              		.cfi_sections	.debug_frame
  19              		.file 1 "Core/Src/modules/sensors/accelerometer.c"
  20              		.section	.text.init_acc,"ax",%progbits
  21              		.align	1
  22              		.global	init_acc
  23              		.syntax unified
  24              		.thumb
  25              		.thumb_func
  27              	init_acc:
  28              	.LFB0:
   1:Core/Src/modules/sensors/accelerometer.c **** #include "accelerometer.h"
   2:Core/Src/modules/sensors/accelerometer.c **** 
   3:Core/Src/modules/sensors/accelerometer.c **** void init_acc()
   4:Core/Src/modules/sensors/accelerometer.c **** {
  29              		.loc 1 4 1 view -0
  30              		.cfi_startproc
  31              		@ args = 0, pretend = 0, frame = 0
  32              		@ frame_needed = 0, uses_anonymous_args = 0
  33              		@ link register save eliminated.
   5:Core/Src/modules/sensors/accelerometer.c **** }...
  34              		.loc 1 5 1 view .LVU1
  35 0000 7047     		bx	lr
  36              		.cfi_endproc
  37              	.LFE0:
  39              		.text
  40              	.Letext0:
ARM GAS  /tmp/ccPZtJmW.s 			page 2


DEFINED SYMBOLS
                            *ABS*:00000000 accelerometer.c
     /tmp/ccPZtJmW.s:21     .text.init_acc:00000000 $t
     /tmp/ccPZtJmW.s:27     .text.init_acc:00000000 init_acc

NO UNDEFINED SYMBOLS
