ARM GAS  /tmp/ccNnKHnz.s 			page 1


   1              		.cpu cortex-m4
   2              		.arch armv7e-m
   3              		.fpu fpv4-sp-d16
   4              		.eabi_attribute 27, 1
   5              		.eabi_attribute 28, 1
   6              		.eabi_attribute 20, 1
   7              		.eabi_attribute 21, 1
   8              		.eabi_attribute 23, 3
   9              		.eabi_attribute 24, 1
  10              		.eabi_attribute 25, 1
  11              		.eabi_attribute 26, 1
  12              		.eabi_attribute 30, 1
  13              		.eabi_attribute 34, 1
  14              		.eabi_attribute 18, 4
  15              		.file	"accelerometer.c"
  16              		.text
  17              		.section	.rodata.check_acc_identity.str1.4,"aMS",%progbits,1
  18              		.align	2
  19              	.LC0:
  20 0000 57484F20 		.ascii	"WHO AM I\000"
  20      414D2049 
  20      00
  21              		.section	.text.check_acc_identity,"ax",%progbits
  22              		.align	1
  23              		.global	check_acc_identity
  24              		.syntax unified
  25              		.thumb
  26              		.thumb_func
  28              	check_acc_identity:
  29              		@ args = 0, pretend = 0, frame = 56
  30              		@ frame_needed = 0, uses_anonymous_args = 0
  31 0000 10B5     		push	{r4, lr}
  32 0002 92B0     		sub	sp, sp, #72
  33 0004 FF23     		movs	r3, #255
  34 0006 0293     		str	r3, [sp, #8]
  35 0008 0123     		movs	r3, #1
  36 000a 0193     		str	r3, [sp, #4]
  37 000c 0DF14702 		add	r2, sp, #71
  38 0010 0092     		str	r2, [sp]
  39 0012 0F22     		movs	r2, #15
  40 0014 D421     		movs	r1, #212
  41 0016 1748     		ldr	r0, .L6
  42 0018 FFF7FEFF 		bl	HAL_I2C_Mem_Read
  43 001c 1649     		ldr	r1, .L6+4
  44 001e FFF7FEFF 		bl	send_reg_log
  45 0022 9DF84730 		ldrb	r3, [sp, #71]	@ zero_extendqisi2
  46 0026 692B     		cmp	r3, #105
  47 0028 02D1     		bne	.L5
  48 002a 0120     		movs	r0, #1
  49              	.L2:
  50 002c 12B0     		add	sp, sp, #72
  51              		@ sp needed
  52 002e 10BD     		pop	{r4, pc}
  53              	.L5:
  54 0030 0DF1140C 		add	ip, sp, #20
  55 0034 114C     		ldr	r4, .L6+8
  56 0036 0FCC     		ldmia	r4!, {r0, r1, r2, r3}
ARM GAS  /tmp/ccNnKHnz.s 			page 2


  57 0038 ACE80F00 		stmia	ip!, {r0, r1, r2, r3}
  58 003c 94E80700 		ldm	r4, {r0, r1, r2}
  59 0040 ACE80300 		stmia	ip!, {r0, r1}
  60 0044 2CF8022B 		strh	r2, [ip], #2	@ movhi
  61 0048 120C     		lsrs	r2, r2, #16
  62 004a 8CF80020 		strb	r2, [ip]
  63 004e 0024     		movs	r4, #0
  64 0050 CDF82F40 		str	r4, [sp, #47]	@ unaligned
  65 0054 CDF83340 		str	r4, [sp, #51]	@ unaligned
  66 0058 CDF83740 		str	r4, [sp, #55]	@ unaligned
  67 005c CDF83B40 		str	r4, [sp, #59]	@ unaligned
  68 0060 CDF83F40 		str	r4, [sp, #63]	@ unaligned
  69 0064 CDF84240 		str	r4, [sp, #66]	@ unaligned
  70 0068 0221     		movs	r1, #2
  71 006a 05A8     		add	r0, sp, #20
  72 006c FFF7FEFF 		bl	send_message
  73 0070 2046     		mov	r0, r4
  74 0072 DBE7     		b	.L2
  75              	.L7:
  76              		.align	2
  77              	.L6:
  78 0074 00000000 		.word	hi2c1
  79 0078 00000000 		.word	.LC0
  80 007c 00000000 		.word	.LANCHOR0
  82              		.section	.rodata.acc_power_on.str1.4,"aMS",%progbits,1
  83              		.align	2
  84              	.LC2:
  85 0000 6374726C 		.ascii	"ctrl_meas\000"
  85      5F6D6561 
  85      7300
  86              		.section	.text.acc_power_on,"ax",%progbits
  87              		.align	1
  88              		.global	acc_power_on
  89              		.syntax unified
  90              		.thumb
  91              		.thumb_func
  93              	acc_power_on:
  94              		@ args = 0, pretend = 0, frame = 8
  95              		@ frame_needed = 0, uses_anonymous_args = 0
  96 0000 00B5     		push	{lr}
  97 0002 87B0     		sub	sp, sp, #28
  98 0004 4423     		movs	r3, #68
  99 0006 8DF81730 		strb	r3, [sp, #23]
 100 000a FF23     		movs	r3, #255
 101 000c 0293     		str	r3, [sp, #8]
 102 000e 0123     		movs	r3, #1
 103 0010 0193     		str	r3, [sp, #4]
 104 0012 0DF11702 		add	r2, sp, #23
 105 0016 0092     		str	r2, [sp]
 106 0018 1022     		movs	r2, #16
 107 001a D421     		movs	r1, #212
 108 001c 0448     		ldr	r0, .L10
 109 001e FFF7FEFF 		bl	HAL_I2C_Mem_Write
 110 0022 0449     		ldr	r1, .L10+4
 111 0024 FFF7FEFF 		bl	send_reg_log
 112 0028 0020     		movs	r0, #0
 113 002a 07B0     		add	sp, sp, #28
ARM GAS  /tmp/ccNnKHnz.s 			page 3


 114              		@ sp needed
 115 002c 5DF804FB 		ldr	pc, [sp], #4
 116              	.L11:
 117              		.align	2
 118              	.L10:
 119 0030 00000000 		.word	hi2c1
 120 0034 00000000 		.word	.LC2
 122              		.global	dev_address
 123              		.section	.rodata.dev_address,"a"
 126              	dev_address:
 127 0000 D4       		.byte	-44
 128              		.section	.rodata
 129              		.align	2
 130              		.set	.LANCHOR0,. + 0
 131              	.LC1:
 132 0000 41434345 		.ascii	"ACCELEROMETER READ ERROR\012\015\000"
 132      4C45524F 
 132      4D455445 
 132      52205245 
 132      41442045 
 133 001b 00000000 		.space	23
 133      00000000 
 133      00000000 
 133      00000000 
 133      00000000 
 134              		.ident	"GCC: (Arch Repository) 14.2.0"
ARM GAS  /tmp/ccNnKHnz.s 			page 4


DEFINED SYMBOLS
                            *ABS*:00000000 accelerometer.c
     /tmp/ccNnKHnz.s:18     .rodata.check_acc_identity.str1.4:00000000 $d
     /tmp/ccNnKHnz.s:22     .text.check_acc_identity:00000000 $t
     /tmp/ccNnKHnz.s:28     .text.check_acc_identity:00000000 check_acc_identity
     /tmp/ccNnKHnz.s:78     .text.check_acc_identity:00000074 $d
     /tmp/ccNnKHnz.s:83     .rodata.acc_power_on.str1.4:00000000 $d
     /tmp/ccNnKHnz.s:87     .text.acc_power_on:00000000 $t
     /tmp/ccNnKHnz.s:93     .text.acc_power_on:00000000 acc_power_on
     /tmp/ccNnKHnz.s:119    .text.acc_power_on:00000030 $d
     /tmp/ccNnKHnz.s:126    .rodata.dev_address:00000000 dev_address
     /tmp/ccNnKHnz.s:129    .rodata:00000000 $d

UNDEFINED SYMBOLS
HAL_I2C_Mem_Read
send_reg_log
send_message
hi2c1
HAL_I2C_Mem_Write
