ARM GAS  /tmp/ccVo5WyW.s 			page 1


   1              		.cpu cortex-m4
   2              		.arch armv7e-m
   3              		.fpu fpv4-sp-d16
   4              		.eabi_attribute 27, 1
   5              		.eabi_attribute 28, 1
   6              		.eabi_attribute 20, 1
   7              		.eabi_attribute 21, 1
   8              		.eabi_attribute 23, 3
   9              		.eabi_attribute 24, 1
  10              		.eabi_attribute 25, 1
  11              		.eabi_attribute 26, 1
  12              		.eabi_attribute 30, 1
  13              		.eabi_attribute 34, 1
  14              		.eabi_attribute 18, 4
  15              		.file	"gpio.c"
  16              		.text
  17              		.section	.text.MX_GPIO_Init,"ax",%progbits
  18              		.align	1
  19              		.global	MX_GPIO_Init
  20              		.syntax unified
  21              		.thumb
  22              		.thumb_func
  24              	MX_GPIO_Init:
  25              		@ args = 0, pretend = 0, frame = 8
  26              		@ frame_needed = 0, uses_anonymous_args = 0
  27              		@ link register save eliminated.
  28 0000 82B0     		sub	sp, sp, #8
  29 0002 0021     		movs	r1, #0
  30 0004 0091     		str	r1, [sp]
  31 0006 0B4B     		ldr	r3, .L3
  32 0008 1A6B     		ldr	r2, [r3, #48]
  33 000a 42F00102 		orr	r2, r2, #1
  34 000e 1A63     		str	r2, [r3, #48]
  35 0010 1A6B     		ldr	r2, [r3, #48]
  36 0012 02F00102 		and	r2, r2, #1
  37 0016 0092     		str	r2, [sp]
  38 0018 009A     		ldr	r2, [sp]
  39 001a 0191     		str	r1, [sp, #4]
  40 001c 1A6B     		ldr	r2, [r3, #48]
  41 001e 42F00202 		orr	r2, r2, #2
  42 0022 1A63     		str	r2, [r3, #48]
  43 0024 1B6B     		ldr	r3, [r3, #48]
  44 0026 03F00203 		and	r3, r3, #2
  45 002a 0193     		str	r3, [sp, #4]
  46 002c 019B     		ldr	r3, [sp, #4]
  47 002e 02B0     		add	sp, sp, #8
  48              		@ sp needed
  49 0030 7047     		bx	lr
  50              	.L4:
  51 0032 00BF     		.align	2
  52              	.L3:
  53 0034 00380240 		.word	1073887232
  55              		.ident	"GCC: (Arch Repository) 14.2.0"
ARM GAS  /tmp/ccVo5WyW.s 			page 2


DEFINED SYMBOLS
                            *ABS*:00000000 gpio.c
     /tmp/ccVo5WyW.s:18     .text.MX_GPIO_Init:00000000 $t
     /tmp/ccVo5WyW.s:24     .text.MX_GPIO_Init:00000000 MX_GPIO_Init
     /tmp/ccVo5WyW.s:53     .text.MX_GPIO_Init:00000034 $d

NO UNDEFINED SYMBOLS
