ARM GAS  /tmp/ccoY0Zof.s 			page 1


   1              		.cpu cortex-m4
   2              		.arch armv7e-m
   3              		.fpu fpv4-sp-d16
   4              		.eabi_attribute 27, 1
   5              		.eabi_attribute 28, 1
   6              		.eabi_attribute 20, 1
   7              		.eabi_attribute 21, 1
   8              		.eabi_attribute 23, 3
   9              		.eabi_attribute 24, 1
  10              		.eabi_attribute 25, 1
  11              		.eabi_attribute 26, 1
  12              		.eabi_attribute 30, 1
  13              		.eabi_attribute 34, 1
  14              		.eabi_attribute 18, 4
  15              		.file	"stm32f4xx_it.c"
  16              		.text
  17              		.section	.text.NMI_Handler,"ax",%progbits
  18              		.align	1
  19              		.global	NMI_Handler
  20              		.syntax unified
  21              		.thumb
  22              		.thumb_func
  24              	NMI_Handler:
  25              		@ Volatile: function does not return.
  26              		@ args = 0, pretend = 0, frame = 0
  27              		@ frame_needed = 0, uses_anonymous_args = 0
  28              		@ link register save eliminated.
  29              	.L2:
  30 0000 FEE7     		b	.L2
  32              		.section	.text.HardFault_Handler,"ax",%progbits
  33              		.align	1
  34              		.global	HardFault_Handler
  35              		.syntax unified
  36              		.thumb
  37              		.thumb_func
  39              	HardFault_Handler:
  40              		@ Volatile: function does not return.
  41              		@ args = 0, pretend = 0, frame = 0
  42              		@ frame_needed = 0, uses_anonymous_args = 0
  43              		@ link register save eliminated.
  44              	.L4:
  45 0000 FEE7     		b	.L4
  47              		.section	.text.MemManage_Handler,"ax",%progbits
  48              		.align	1
  49              		.global	MemManage_Handler
  50              		.syntax unified
  51              		.thumb
  52              		.thumb_func
  54              	MemManage_Handler:
  55              		@ Volatile: function does not return.
  56              		@ args = 0, pretend = 0, frame = 0
  57              		@ frame_needed = 0, uses_anonymous_args = 0
  58              		@ link register save eliminated.
  59              	.L6:
  60 0000 FEE7     		b	.L6
  62              		.section	.text.BusFault_Handler,"ax",%progbits
  63              		.align	1
ARM GAS  /tmp/ccoY0Zof.s 			page 2


  64              		.global	BusFault_Handler
  65              		.syntax unified
  66              		.thumb
  67              		.thumb_func
  69              	BusFault_Handler:
  70              		@ Volatile: function does not return.
  71              		@ args = 0, pretend = 0, frame = 0
  72              		@ frame_needed = 0, uses_anonymous_args = 0
  73              		@ link register save eliminated.
  74              	.L8:
  75 0000 FEE7     		b	.L8
  77              		.section	.text.UsageFault_Handler,"ax",%progbits
  78              		.align	1
  79              		.global	UsageFault_Handler
  80              		.syntax unified
  81              		.thumb
  82              		.thumb_func
  84              	UsageFault_Handler:
  85              		@ Volatile: function does not return.
  86              		@ args = 0, pretend = 0, frame = 0
  87              		@ frame_needed = 0, uses_anonymous_args = 0
  88              		@ link register save eliminated.
  89              	.L10:
  90 0000 FEE7     		b	.L10
  92              		.section	.text.SVC_Handler,"ax",%progbits
  93              		.align	1
  94              		.global	SVC_Handler
  95              		.syntax unified
  96              		.thumb
  97              		.thumb_func
  99              	SVC_Handler:
 100              		@ args = 0, pretend = 0, frame = 0
 101              		@ frame_needed = 0, uses_anonymous_args = 0
 102              		@ link register save eliminated.
 103 0000 7047     		bx	lr
 105              		.section	.text.DebugMon_Handler,"ax",%progbits
 106              		.align	1
 107              		.global	DebugMon_Handler
 108              		.syntax unified
 109              		.thumb
 110              		.thumb_func
 112              	DebugMon_Handler:
 113              		@ args = 0, pretend = 0, frame = 0
 114              		@ frame_needed = 0, uses_anonymous_args = 0
 115              		@ link register save eliminated.
 116 0000 7047     		bx	lr
 118              		.section	.text.PendSV_Handler,"ax",%progbits
 119              		.align	1
 120              		.global	PendSV_Handler
 121              		.syntax unified
 122              		.thumb
 123              		.thumb_func
 125              	PendSV_Handler:
 126              		@ args = 0, pretend = 0, frame = 0
 127              		@ frame_needed = 0, uses_anonymous_args = 0
 128              		@ link register save eliminated.
 129 0000 7047     		bx	lr
ARM GAS  /tmp/ccoY0Zof.s 			page 3


 131              		.section	.text.SysTick_Handler,"ax",%progbits
 132              		.align	1
 133              		.global	SysTick_Handler
 134              		.syntax unified
 135              		.thumb
 136              		.thumb_func
 138              	SysTick_Handler:
 139              		@ args = 0, pretend = 0, frame = 0
 140              		@ frame_needed = 0, uses_anonymous_args = 0
 141 0000 08B5     		push	{r3, lr}
 142 0002 FFF7FEFF 		bl	HAL_IncTick
 143 0006 08BD     		pop	{r3, pc}
 145              		.section	.text.TIM1_BRK_TIM9_IRQHandler,"ax",%progbits
 146              		.align	1
 147              		.global	TIM1_BRK_TIM9_IRQHandler
 148              		.syntax unified
 149              		.thumb
 150              		.thumb_func
 152              	TIM1_BRK_TIM9_IRQHandler:
 153              		@ args = 0, pretend = 0, frame = 0
 154              		@ frame_needed = 0, uses_anonymous_args = 0
 155 0000 08B5     		push	{r3, lr}
 156 0002 0248     		ldr	r0, .L18
 157 0004 FFF7FEFF 		bl	HAL_TIM_IRQHandler
 158 0008 08BD     		pop	{r3, pc}
 159              	.L19:
 160 000a 00BF     		.align	2
 161              	.L18:
 162 000c 00000000 		.word	htim1
 164              		.section	.text.TIM1_UP_TIM10_IRQHandler,"ax",%progbits
 165              		.align	1
 166              		.global	TIM1_UP_TIM10_IRQHandler
 167              		.syntax unified
 168              		.thumb
 169              		.thumb_func
 171              	TIM1_UP_TIM10_IRQHandler:
 172              		@ args = 0, pretend = 0, frame = 0
 173              		@ frame_needed = 0, uses_anonymous_args = 0
 174 0000 08B5     		push	{r3, lr}
 175 0002 0248     		ldr	r0, .L22
 176 0004 FFF7FEFF 		bl	HAL_TIM_IRQHandler
 177 0008 08BD     		pop	{r3, pc}
 178              	.L23:
 179 000a 00BF     		.align	2
 180              	.L22:
 181 000c 00000000 		.word	htim1
 183              		.section	.text.TIM1_TRG_COM_TIM11_IRQHandler,"ax",%progbits
 184              		.align	1
 185              		.global	TIM1_TRG_COM_TIM11_IRQHandler
 186              		.syntax unified
 187              		.thumb
 188              		.thumb_func
 190              	TIM1_TRG_COM_TIM11_IRQHandler:
 191              		@ args = 0, pretend = 0, frame = 0
 192              		@ frame_needed = 0, uses_anonymous_args = 0
 193 0000 08B5     		push	{r3, lr}
 194 0002 0248     		ldr	r0, .L26
ARM GAS  /tmp/ccoY0Zof.s 			page 4


 195 0004 FFF7FEFF 		bl	HAL_TIM_IRQHandler
 196 0008 08BD     		pop	{r3, pc}
 197              	.L27:
 198 000a 00BF     		.align	2
 199              	.L26:
 200 000c 00000000 		.word	htim1
 202              		.section	.text.TIM1_CC_IRQHandler,"ax",%progbits
 203              		.align	1
 204              		.global	TIM1_CC_IRQHandler
 205              		.syntax unified
 206              		.thumb
 207              		.thumb_func
 209              	TIM1_CC_IRQHandler:
 210              		@ args = 0, pretend = 0, frame = 0
 211              		@ frame_needed = 0, uses_anonymous_args = 0
 212 0000 08B5     		push	{r3, lr}
 213 0002 0248     		ldr	r0, .L30
 214 0004 FFF7FEFF 		bl	HAL_TIM_IRQHandler
 215 0008 08BD     		pop	{r3, pc}
 216              	.L31:
 217 000a 00BF     		.align	2
 218              	.L30:
 219 000c 00000000 		.word	htim1
 221              		.ident	"GCC: (Arch Repository) 14.2.0"
ARM GAS  /tmp/ccoY0Zof.s 			page 5


DEFINED SYMBOLS
                            *ABS*:00000000 stm32f4xx_it.c
     /tmp/ccoY0Zof.s:18     .text.NMI_Handler:00000000 $t
     /tmp/ccoY0Zof.s:24     .text.NMI_Handler:00000000 NMI_Handler
     /tmp/ccoY0Zof.s:33     .text.HardFault_Handler:00000000 $t
     /tmp/ccoY0Zof.s:39     .text.HardFault_Handler:00000000 HardFault_Handler
     /tmp/ccoY0Zof.s:48     .text.MemManage_Handler:00000000 $t
     /tmp/ccoY0Zof.s:54     .text.MemManage_Handler:00000000 MemManage_Handler
     /tmp/ccoY0Zof.s:63     .text.BusFault_Handler:00000000 $t
     /tmp/ccoY0Zof.s:69     .text.BusFault_Handler:00000000 BusFault_Handler
     /tmp/ccoY0Zof.s:78     .text.UsageFault_Handler:00000000 $t
     /tmp/ccoY0Zof.s:84     .text.UsageFault_Handler:00000000 UsageFault_Handler
     /tmp/ccoY0Zof.s:93     .text.SVC_Handler:00000000 $t
     /tmp/ccoY0Zof.s:99     .text.SVC_Handler:00000000 SVC_Handler
     /tmp/ccoY0Zof.s:106    .text.DebugMon_Handler:00000000 $t
     /tmp/ccoY0Zof.s:112    .text.DebugMon_Handler:00000000 DebugMon_Handler
     /tmp/ccoY0Zof.s:119    .text.PendSV_Handler:00000000 $t
     /tmp/ccoY0Zof.s:125    .text.PendSV_Handler:00000000 PendSV_Handler
     /tmp/ccoY0Zof.s:132    .text.SysTick_Handler:00000000 $t
     /tmp/ccoY0Zof.s:138    .text.SysTick_Handler:00000000 SysTick_Handler
     /tmp/ccoY0Zof.s:146    .text.TIM1_BRK_TIM9_IRQHandler:00000000 $t
     /tmp/ccoY0Zof.s:152    .text.TIM1_BRK_TIM9_IRQHandler:00000000 TIM1_BRK_TIM9_IRQHandler
     /tmp/ccoY0Zof.s:162    .text.TIM1_BRK_TIM9_IRQHandler:0000000c $d
     /tmp/ccoY0Zof.s:165    .text.TIM1_UP_TIM10_IRQHandler:00000000 $t
     /tmp/ccoY0Zof.s:171    .text.TIM1_UP_TIM10_IRQHandler:00000000 TIM1_UP_TIM10_IRQHandler
     /tmp/ccoY0Zof.s:181    .text.TIM1_UP_TIM10_IRQHandler:0000000c $d
     /tmp/ccoY0Zof.s:184    .text.TIM1_TRG_COM_TIM11_IRQHandler:00000000 $t
     /tmp/ccoY0Zof.s:190    .text.TIM1_TRG_COM_TIM11_IRQHandler:00000000 TIM1_TRG_COM_TIM11_IRQHandler
     /tmp/ccoY0Zof.s:200    .text.TIM1_TRG_COM_TIM11_IRQHandler:0000000c $d
     /tmp/ccoY0Zof.s:203    .text.TIM1_CC_IRQHandler:00000000 $t
     /tmp/ccoY0Zof.s:209    .text.TIM1_CC_IRQHandler:00000000 TIM1_CC_IRQHandler
     /tmp/ccoY0Zof.s:219    .text.TIM1_CC_IRQHandler:0000000c $d

UNDEFINED SYMBOLS
HAL_IncTick
HAL_TIM_IRQHandler
htim1
