ARM GAS  /tmp/cc1tcSDf.s 			page 1


   1              		.cpu cortex-m4
   2              		.arch armv7e-m
   3              		.fpu fpv4-sp-d16
   4              		.eabi_attribute 27, 1
   5              		.eabi_attribute 28, 1
   6              		.eabi_attribute 20, 1
   7              		.eabi_attribute 21, 1
   8              		.eabi_attribute 23, 3
   9              		.eabi_attribute 24, 1
  10              		.eabi_attribute 25, 1
  11              		.eabi_attribute 26, 1
  12              		.eabi_attribute 30, 1
  13              		.eabi_attribute 34, 1
  14              		.eabi_attribute 18, 4
  15              		.file	"stm32f4xx_hal_flash.c"
  16              		.text
  17              		.section	.text.FLASH_Program_DoubleWord,"ax",%progbits
  18              		.align	1
  19              		.syntax unified
  20              		.thumb
  21              		.thumb_func
  23              	FLASH_Program_DoubleWord:
  24              		@ args = 0, pretend = 0, frame = 0
  25              		@ frame_needed = 0, uses_anonymous_args = 0
  26              		@ link register save eliminated.
  27 0000 10B4     		push	{r4}
  28 0002 0A49     		ldr	r1, .L3
  29 0004 0C69     		ldr	r4, [r1, #16]
  30 0006 24F44074 		bic	r4, r4, #768
  31 000a 0C61     		str	r4, [r1, #16]
  32 000c 0C69     		ldr	r4, [r1, #16]
  33 000e 44F44074 		orr	r4, r4, #768
  34 0012 0C61     		str	r4, [r1, #16]
  35 0014 0C69     		ldr	r4, [r1, #16]
  36 0016 44F00104 		orr	r4, r4, #1
  37 001a 0C61     		str	r4, [r1, #16]
  38 001c 0260     		str	r2, [r0]
  39              		.syntax unified
  40              	@ 260 "Drivers/CMSIS/Include/cmsis_gcc.h" 1
  41 001e BFF36F8F 		isb 0xF
  42              	@ 0 "" 2
  43              		.thumb
  44              		.syntax unified
  45 0022 4360     		str	r3, [r0, #4]
  46 0024 5DF8044B 		ldr	r4, [sp], #4
  47 0028 7047     		bx	lr
  48              	.L4:
  49 002a 00BF     		.align	2
  50              	.L3:
  51 002c 003C0240 		.word	1073888256
  53              		.section	.text.FLASH_Program_Word,"ax",%progbits
  54              		.align	1
  55              		.syntax unified
  56              		.thumb
  57              		.thumb_func
  59              	FLASH_Program_Word:
  60              		@ args = 0, pretend = 0, frame = 0
ARM GAS  /tmp/cc1tcSDf.s 			page 2


  61              		@ frame_needed = 0, uses_anonymous_args = 0
  62              		@ link register save eliminated.
  63 0000 074B     		ldr	r3, .L6
  64 0002 1A69     		ldr	r2, [r3, #16]
  65 0004 22F44072 		bic	r2, r2, #768
  66 0008 1A61     		str	r2, [r3, #16]
  67 000a 1A69     		ldr	r2, [r3, #16]
  68 000c 42F40072 		orr	r2, r2, #512
  69 0010 1A61     		str	r2, [r3, #16]
  70 0012 1A69     		ldr	r2, [r3, #16]
  71 0014 42F00102 		orr	r2, r2, #1
  72 0018 1A61     		str	r2, [r3, #16]
  73 001a 0160     		str	r1, [r0]
  74 001c 7047     		bx	lr
  75              	.L7:
  76 001e 00BF     		.align	2
  77              	.L6:
  78 0020 003C0240 		.word	1073888256
  80              		.section	.text.FLASH_Program_HalfWord,"ax",%progbits
  81              		.align	1
  82              		.syntax unified
  83              		.thumb
  84              		.thumb_func
  86              	FLASH_Program_HalfWord:
  87              		@ args = 0, pretend = 0, frame = 0
  88              		@ frame_needed = 0, uses_anonymous_args = 0
  89              		@ link register save eliminated.
  90 0000 074B     		ldr	r3, .L9
  91 0002 1A69     		ldr	r2, [r3, #16]
  92 0004 22F44072 		bic	r2, r2, #768
  93 0008 1A61     		str	r2, [r3, #16]
  94 000a 1A69     		ldr	r2, [r3, #16]
  95 000c 42F48072 		orr	r2, r2, #256
  96 0010 1A61     		str	r2, [r3, #16]
  97 0012 1A69     		ldr	r2, [r3, #16]
  98 0014 42F00102 		orr	r2, r2, #1
  99 0018 1A61     		str	r2, [r3, #16]
 100 001a 0180     		strh	r1, [r0]	@ movhi
 101 001c 7047     		bx	lr
 102              	.L10:
 103 001e 00BF     		.align	2
 104              	.L9:
 105 0020 003C0240 		.word	1073888256
 107              		.section	.text.FLASH_Program_Byte,"ax",%progbits
 108              		.align	1
 109              		.syntax unified
 110              		.thumb
 111              		.thumb_func
 113              	FLASH_Program_Byte:
 114              		@ args = 0, pretend = 0, frame = 0
 115              		@ frame_needed = 0, uses_anonymous_args = 0
 116              		@ link register save eliminated.
 117 0000 064B     		ldr	r3, .L12
 118 0002 1A69     		ldr	r2, [r3, #16]
 119 0004 22F44072 		bic	r2, r2, #768
 120 0008 1A61     		str	r2, [r3, #16]
 121 000a 1A69     		ldr	r2, [r3, #16]
ARM GAS  /tmp/cc1tcSDf.s 			page 3


 122 000c 1A61     		str	r2, [r3, #16]
 123 000e 1A69     		ldr	r2, [r3, #16]
 124 0010 42F00102 		orr	r2, r2, #1
 125 0014 1A61     		str	r2, [r3, #16]
 126 0016 0170     		strb	r1, [r0]
 127 0018 7047     		bx	lr
 128              	.L13:
 129 001a 00BF     		.align	2
 130              	.L12:
 131 001c 003C0240 		.word	1073888256
 133              		.section	.text.FLASH_SetErrorCode,"ax",%progbits
 134              		.align	1
 135              		.syntax unified
 136              		.thumb
 137              		.thumb_func
 139              	FLASH_SetErrorCode:
 140              		@ args = 0, pretend = 0, frame = 0
 141              		@ frame_needed = 0, uses_anonymous_args = 0
 142              		@ link register save eliminated.
 143 0000 274B     		ldr	r3, .L21
 144 0002 DB68     		ldr	r3, [r3, #12]
 145 0004 13F0100F 		tst	r3, #16
 146 0008 07D0     		beq	.L15
 147 000a 264A     		ldr	r2, .L21+4
 148 000c D369     		ldr	r3, [r2, #28]
 149 000e 43F01003 		orr	r3, r3, #16
 150 0012 D361     		str	r3, [r2, #28]
 151 0014 224B     		ldr	r3, .L21
 152 0016 1022     		movs	r2, #16
 153 0018 DA60     		str	r2, [r3, #12]
 154              	.L15:
 155 001a 214B     		ldr	r3, .L21
 156 001c DB68     		ldr	r3, [r3, #12]
 157 001e 13F0200F 		tst	r3, #32
 158 0022 07D0     		beq	.L16
 159 0024 1F4A     		ldr	r2, .L21+4
 160 0026 D369     		ldr	r3, [r2, #28]
 161 0028 43F00803 		orr	r3, r3, #8
 162 002c D361     		str	r3, [r2, #28]
 163 002e 1C4B     		ldr	r3, .L21
 164 0030 2022     		movs	r2, #32
 165 0032 DA60     		str	r2, [r3, #12]
 166              	.L16:
 167 0034 1A4B     		ldr	r3, .L21
 168 0036 DB68     		ldr	r3, [r3, #12]
 169 0038 13F0400F 		tst	r3, #64
 170 003c 07D0     		beq	.L17
 171 003e 194A     		ldr	r2, .L21+4
 172 0040 D369     		ldr	r3, [r2, #28]
 173 0042 43F00403 		orr	r3, r3, #4
 174 0046 D361     		str	r3, [r2, #28]
 175 0048 154B     		ldr	r3, .L21
 176 004a 4022     		movs	r2, #64
 177 004c DA60     		str	r2, [r3, #12]
 178              	.L17:
 179 004e 144B     		ldr	r3, .L21
 180 0050 DB68     		ldr	r3, [r3, #12]
ARM GAS  /tmp/cc1tcSDf.s 			page 4


 181 0052 13F0800F 		tst	r3, #128
 182 0056 07D0     		beq	.L18
 183 0058 124A     		ldr	r2, .L21+4
 184 005a D369     		ldr	r3, [r2, #28]
 185 005c 43F00203 		orr	r3, r3, #2
 186 0060 D361     		str	r3, [r2, #28]
 187 0062 0F4B     		ldr	r3, .L21
 188 0064 8022     		movs	r2, #128
 189 0066 DA60     		str	r2, [r3, #12]
 190              	.L18:
 191 0068 0D4B     		ldr	r3, .L21
 192 006a DB68     		ldr	r3, [r3, #12]
 193 006c 13F4807F 		tst	r3, #256
 194 0070 08D0     		beq	.L19
 195 0072 0C4A     		ldr	r2, .L21+4
 196 0074 D369     		ldr	r3, [r2, #28]
 197 0076 43F00103 		orr	r3, r3, #1
 198 007a D361     		str	r3, [r2, #28]
 199 007c 084B     		ldr	r3, .L21
 200 007e 4FF48072 		mov	r2, #256
 201 0082 DA60     		str	r2, [r3, #12]
 202              	.L19:
 203 0084 064B     		ldr	r3, .L21
 204 0086 DB68     		ldr	r3, [r3, #12]
 205 0088 13F0020F 		tst	r3, #2
 206 008c 07D0     		beq	.L14
 207 008e 054A     		ldr	r2, .L21+4
 208 0090 D369     		ldr	r3, [r2, #28]
 209 0092 43F02003 		orr	r3, r3, #32
 210 0096 D361     		str	r3, [r2, #28]
 211 0098 014B     		ldr	r3, .L21
 212 009a 0222     		movs	r2, #2
 213 009c DA60     		str	r2, [r3, #12]
 214              	.L14:
 215 009e 7047     		bx	lr
 216              	.L22:
 217              		.align	2
 218              	.L21:
 219 00a0 003C0240 		.word	1073888256
 220 00a4 00000000 		.word	pFlash
 222              		.section	.text.HAL_FLASH_Program_IT,"ax",%progbits
 223              		.align	1
 224              		.global	HAL_FLASH_Program_IT
 225              		.syntax unified
 226              		.thumb
 227              		.thumb_func
 229              	HAL_FLASH_Program_IT:
 230              		@ args = 0, pretend = 0, frame = 0
 231              		@ frame_needed = 0, uses_anonymous_args = 0
 232 0000 F8B5     		push	{r3, r4, r5, r6, r7, lr}
 233 0002 174D     		ldr	r5, .L33
 234 0004 2D7E     		ldrb	r5, [r5, #24]	@ zero_extendqisi2
 235 0006 012D     		cmp	r5, #1
 236 0008 28D0     		beq	.L28
 237 000a 0446     		mov	r4, r0
 238 000c 0846     		mov	r0, r1
 239 000e 144E     		ldr	r6, .L33
ARM GAS  /tmp/cc1tcSDf.s 			page 5


 240 0010 0121     		movs	r1, #1
 241 0012 3176     		strb	r1, [r6, #24]
 242 0014 134D     		ldr	r5, .L33+4
 243 0016 2F69     		ldr	r7, [r5, #16]
 244 0018 47F08077 		orr	r7, r7, #16777216
 245 001c 2F61     		str	r7, [r5, #16]
 246 001e 2F69     		ldr	r7, [r5, #16]
 247 0020 47F00077 		orr	r7, r7, #33554432
 248 0024 2F61     		str	r7, [r5, #16]
 249 0026 0321     		movs	r1, #3
 250 0028 3170     		strb	r1, [r6]
 251 002a 7061     		str	r0, [r6, #20]
 252 002c 3CB1     		cbz	r4, .L30
 253 002e 012C     		cmp	r4, #1
 254 0030 0AD0     		beq	.L31
 255 0032 022C     		cmp	r4, #2
 256 0034 0DD0     		beq	.L32
 257 0036 FFF7FEFF 		bl	FLASH_Program_DoubleWord
 258 003a 0020     		movs	r0, #0
 259              	.L24:
 260 003c F8BD     		pop	{r3, r4, r5, r6, r7, pc}
 261              	.L30:
 262 003e D1B2     		uxtb	r1, r2
 263 0040 FFF7FEFF 		bl	FLASH_Program_Byte
 264 0044 0020     		movs	r0, #0
 265 0046 F9E7     		b	.L24
 266              	.L31:
 267 0048 91B2     		uxth	r1, r2
 268 004a FFF7FEFF 		bl	FLASH_Program_HalfWord
 269 004e 0020     		movs	r0, #0
 270 0050 F4E7     		b	.L24
 271              	.L32:
 272 0052 1146     		mov	r1, r2
 273 0054 FFF7FEFF 		bl	FLASH_Program_Word
 274 0058 0020     		movs	r0, #0
 275 005a EFE7     		b	.L24
 276              	.L28:
 277 005c 0220     		movs	r0, #2
 278 005e EDE7     		b	.L24
 279              	.L34:
 280              		.align	2
 281              	.L33:
 282 0060 00000000 		.word	pFlash
 283 0064 003C0240 		.word	1073888256
 285              		.section	.text.HAL_FLASH_EndOfOperationCallback,"ax",%progbits
 286              		.align	1
 287              		.weak	HAL_FLASH_EndOfOperationCallback
 288              		.syntax unified
 289              		.thumb
 290              		.thumb_func
 292              	HAL_FLASH_EndOfOperationCallback:
 293              		@ args = 0, pretend = 0, frame = 0
 294              		@ frame_needed = 0, uses_anonymous_args = 0
 295              		@ link register save eliminated.
 296 0000 7047     		bx	lr
 298              		.section	.text.HAL_FLASH_OperationErrorCallback,"ax",%progbits
 299              		.align	1
ARM GAS  /tmp/cc1tcSDf.s 			page 6


 300              		.weak	HAL_FLASH_OperationErrorCallback
 301              		.syntax unified
 302              		.thumb
 303              		.thumb_func
 305              	HAL_FLASH_OperationErrorCallback:
 306              		@ args = 0, pretend = 0, frame = 0
 307              		@ frame_needed = 0, uses_anonymous_args = 0
 308              		@ link register save eliminated.
 309 0000 7047     		bx	lr
 311              		.section	.text.HAL_FLASH_IRQHandler,"ax",%progbits
 312              		.align	1
 313              		.global	HAL_FLASH_IRQHandler
 314              		.syntax unified
 315              		.thumb
 316              		.thumb_func
 318              	HAL_FLASH_IRQHandler:
 319              		@ args = 0, pretend = 0, frame = 0
 320              		@ frame_needed = 0, uses_anonymous_args = 0
 321 0000 10B5     		push	{r4, lr}
 322 0002 384B     		ldr	r3, .L53
 323 0004 DB68     		ldr	r3, [r3, #12]
 324 0006 13F4F97F 		tst	r3, #498
 325 000a 11D0     		beq	.L38
 326 000c 364B     		ldr	r3, .L53+4
 327 000e 1B78     		ldrb	r3, [r3]	@ zero_extendqisi2
 328 0010 012B     		cmp	r3, #1
 329 0012 38D0     		beq	.L49
 330 0014 344B     		ldr	r3, .L53+4
 331 0016 1B78     		ldrb	r3, [r3]	@ zero_extendqisi2
 332 0018 022B     		cmp	r3, #2
 333 001a 3AD0     		beq	.L50
 334 001c 324B     		ldr	r3, .L53+4
 335 001e 5C69     		ldr	r4, [r3, #20]
 336              	.L40:
 337 0020 FFF7FEFF 		bl	FLASH_SetErrorCode
 338 0024 2046     		mov	r0, r4
 339 0026 FFF7FEFF 		bl	HAL_FLASH_OperationErrorCallback
 340 002a 2F4B     		ldr	r3, .L53+4
 341 002c 0022     		movs	r2, #0
 342 002e 1A70     		strb	r2, [r3]
 343              	.L38:
 344 0030 2C4B     		ldr	r3, .L53
 345 0032 DB68     		ldr	r3, [r3, #12]
 346 0034 13F0010F 		tst	r3, #1
 347 0038 11D0     		beq	.L42
 348 003a 2A4B     		ldr	r3, .L53
 349 003c 0122     		movs	r2, #1
 350 003e DA60     		str	r2, [r3, #12]
 351 0040 294B     		ldr	r3, .L53+4
 352 0042 1B78     		ldrb	r3, [r3]	@ zero_extendqisi2
 353 0044 9342     		cmp	r3, r2
 354 0046 27D0     		beq	.L51
 355 0048 274B     		ldr	r3, .L53+4
 356 004a 1B78     		ldrb	r3, [r3]	@ zero_extendqisi2
 357 004c 022B     		cmp	r3, #2
 358 004e 41D0     		beq	.L52
 359 0050 254B     		ldr	r3, .L53+4
ARM GAS  /tmp/cc1tcSDf.s 			page 7


 360 0052 5869     		ldr	r0, [r3, #20]
 361 0054 FFF7FEFF 		bl	HAL_FLASH_EndOfOperationCallback
 362              	.L46:
 363 0058 234B     		ldr	r3, .L53+4
 364 005a 0022     		movs	r2, #0
 365 005c 1A70     		strb	r2, [r3]
 366              	.L42:
 367 005e 224B     		ldr	r3, .L53+4
 368 0060 1B78     		ldrb	r3, [r3]	@ zero_extendqisi2
 369 0062 7BB9     		cbnz	r3, .L37
 370 0064 1F4B     		ldr	r3, .L53
 371 0066 1A69     		ldr	r2, [r3, #16]
 372 0068 22F0FF02 		bic	r2, r2, #255
 373 006c 1A61     		str	r2, [r3, #16]
 374 006e 1A69     		ldr	r2, [r3, #16]
 375 0070 22F08072 		bic	r2, r2, #16777216
 376 0074 1A61     		str	r2, [r3, #16]
 377 0076 1A69     		ldr	r2, [r3, #16]
 378 0078 22F00072 		bic	r2, r2, #33554432
 379 007c 1A61     		str	r2, [r3, #16]
 380 007e 1A4B     		ldr	r3, .L53+4
 381 0080 0022     		movs	r2, #0
 382 0082 1A76     		strb	r2, [r3, #24]
 383              	.L37:
 384 0084 10BD     		pop	{r4, pc}
 385              	.L49:
 386 0086 184B     		ldr	r3, .L53+4
 387 0088 DC68     		ldr	r4, [r3, #12]
 388 008a 4FF0FF32 		mov	r2, #-1
 389 008e DA60     		str	r2, [r3, #12]
 390 0090 C6E7     		b	.L40
 391              	.L50:
 392 0092 154B     		ldr	r3, .L53+4
 393 0094 1C69     		ldr	r4, [r3, #16]
 394 0096 C3E7     		b	.L40
 395              	.L51:
 396 0098 134B     		ldr	r3, .L53+4
 397 009a 5A68     		ldr	r2, [r3, #4]
 398 009c 013A     		subs	r2, r2, #1
 399 009e 5A60     		str	r2, [r3, #4]
 400 00a0 5B68     		ldr	r3, [r3, #4]
 401 00a2 5BB1     		cbz	r3, .L44
 402 00a4 104C     		ldr	r4, .L53+4
 403 00a6 E068     		ldr	r0, [r4, #12]
 404 00a8 FFF7FEFF 		bl	HAL_FLASH_EndOfOperationCallback
 405 00ac E368     		ldr	r3, [r4, #12]
 406 00ae 0133     		adds	r3, r3, #1
 407 00b0 E360     		str	r3, [r4, #12]
 408 00b2 E068     		ldr	r0, [r4, #12]
 409 00b4 217A     		ldrb	r1, [r4, #8]	@ zero_extendqisi2
 410 00b6 FFF7FEFF 		bl	FLASH_Erase_Sector
 411 00ba D0E7     		b	.L42
 412              	.L44:
 413 00bc 0A4B     		ldr	r3, .L53+4
 414 00be 4FF0FF34 		mov	r4, #-1
 415 00c2 DC60     		str	r4, [r3, #12]
 416 00c4 0022     		movs	r2, #0
ARM GAS  /tmp/cc1tcSDf.s 			page 8


 417 00c6 1A70     		strb	r2, [r3]
 418 00c8 FFF7FEFF 		bl	FLASH_FlushCaches
 419 00cc 2046     		mov	r0, r4
 420 00ce FFF7FEFF 		bl	HAL_FLASH_EndOfOperationCallback
 421 00d2 C4E7     		b	.L42
 422              	.L52:
 423 00d4 FFF7FEFF 		bl	FLASH_FlushCaches
 424 00d8 034B     		ldr	r3, .L53+4
 425 00da 1869     		ldr	r0, [r3, #16]
 426 00dc FFF7FEFF 		bl	HAL_FLASH_EndOfOperationCallback
 427 00e0 BAE7     		b	.L46
 428              	.L54:
 429 00e2 00BF     		.align	2
 430              	.L53:
 431 00e4 003C0240 		.word	1073888256
 432 00e8 00000000 		.word	pFlash
 434              		.section	.text.HAL_FLASH_Unlock,"ax",%progbits
 435              		.align	1
 436              		.global	HAL_FLASH_Unlock
 437              		.syntax unified
 438              		.thumb
 439              		.thumb_func
 441              	HAL_FLASH_Unlock:
 442              		@ args = 0, pretend = 0, frame = 0
 443              		@ frame_needed = 0, uses_anonymous_args = 0
 444              		@ link register save eliminated.
 445 0000 094B     		ldr	r3, .L60
 446 0002 1B69     		ldr	r3, [r3, #16]
 447 0004 002B     		cmp	r3, #0
 448 0006 01DB     		blt	.L59
 449 0008 0020     		movs	r0, #0
 450 000a 7047     		bx	lr
 451              	.L59:
 452 000c 064B     		ldr	r3, .L60
 453 000e 074A     		ldr	r2, .L60+4
 454 0010 5A60     		str	r2, [r3, #4]
 455 0012 02F18832 		add	r2, r2, #-2004318072
 456 0016 5A60     		str	r2, [r3, #4]
 457 0018 1B69     		ldr	r3, [r3, #16]
 458 001a 002B     		cmp	r3, #0
 459 001c 01DB     		blt	.L58
 460 001e 0020     		movs	r0, #0
 461 0020 7047     		bx	lr
 462              	.L58:
 463 0022 0120     		movs	r0, #1
 464 0024 7047     		bx	lr
 465              	.L61:
 466 0026 00BF     		.align	2
 467              	.L60:
 468 0028 003C0240 		.word	1073888256
 469 002c 23016745 		.word	1164378403
 471              		.section	.text.HAL_FLASH_Lock,"ax",%progbits
 472              		.align	1
 473              		.global	HAL_FLASH_Lock
 474              		.syntax unified
 475              		.thumb
 476              		.thumb_func
ARM GAS  /tmp/cc1tcSDf.s 			page 9


 478              	HAL_FLASH_Lock:
 479              		@ args = 0, pretend = 0, frame = 0
 480              		@ frame_needed = 0, uses_anonymous_args = 0
 481              		@ link register save eliminated.
 482 0000 034A     		ldr	r2, .L63
 483 0002 1369     		ldr	r3, [r2, #16]
 484 0004 43F00043 		orr	r3, r3, #-2147483648
 485 0008 1361     		str	r3, [r2, #16]
 486 000a 0020     		movs	r0, #0
 487 000c 7047     		bx	lr
 488              	.L64:
 489 000e 00BF     		.align	2
 490              	.L63:
 491 0010 003C0240 		.word	1073888256
 493              		.section	.text.HAL_FLASH_OB_Unlock,"ax",%progbits
 494              		.align	1
 495              		.global	HAL_FLASH_OB_Unlock
 496              		.syntax unified
 497              		.thumb
 498              		.thumb_func
 500              	HAL_FLASH_OB_Unlock:
 501              		@ args = 0, pretend = 0, frame = 0
 502              		@ frame_needed = 0, uses_anonymous_args = 0
 503              		@ link register save eliminated.
 504 0000 074B     		ldr	r3, .L68
 505 0002 5B69     		ldr	r3, [r3, #20]
 506 0004 13F0010F 		tst	r3, #1
 507 0008 07D0     		beq	.L67
 508 000a 054B     		ldr	r3, .L68
 509 000c 054A     		ldr	r2, .L68+4
 510 000e 9A60     		str	r2, [r3, #8]
 511 0010 02F14432 		add	r2, r2, #1145324612
 512 0014 9A60     		str	r2, [r3, #8]
 513 0016 0020     		movs	r0, #0
 514 0018 7047     		bx	lr
 515              	.L67:
 516 001a 0120     		movs	r0, #1
 517 001c 7047     		bx	lr
 518              	.L69:
 519 001e 00BF     		.align	2
 520              	.L68:
 521 0020 003C0240 		.word	1073888256
 522 0024 3B2A1908 		.word	135866939
 524              		.section	.text.HAL_FLASH_OB_Lock,"ax",%progbits
 525              		.align	1
 526              		.global	HAL_FLASH_OB_Lock
 527              		.syntax unified
 528              		.thumb
 529              		.thumb_func
 531              	HAL_FLASH_OB_Lock:
 532              		@ args = 0, pretend = 0, frame = 0
 533              		@ frame_needed = 0, uses_anonymous_args = 0
 534              		@ link register save eliminated.
 535 0000 034A     		ldr	r2, .L71
 536 0002 5369     		ldr	r3, [r2, #20]
 537 0004 43F00103 		orr	r3, r3, #1
 538 0008 5361     		str	r3, [r2, #20]
ARM GAS  /tmp/cc1tcSDf.s 			page 10


 539 000a 0020     		movs	r0, #0
 540 000c 7047     		bx	lr
 541              	.L72:
 542 000e 00BF     		.align	2
 543              	.L71:
 544 0010 003C0240 		.word	1073888256
 546              		.section	.text.HAL_FLASH_GetError,"ax",%progbits
 547              		.align	1
 548              		.global	HAL_FLASH_GetError
 549              		.syntax unified
 550              		.thumb
 551              		.thumb_func
 553              	HAL_FLASH_GetError:
 554              		@ args = 0, pretend = 0, frame = 0
 555              		@ frame_needed = 0, uses_anonymous_args = 0
 556              		@ link register save eliminated.
 557 0000 014B     		ldr	r3, .L74
 558 0002 D869     		ldr	r0, [r3, #28]
 559 0004 7047     		bx	lr
 560              	.L75:
 561 0006 00BF     		.align	2
 562              	.L74:
 563 0008 00000000 		.word	pFlash
 565              		.section	.text.FLASH_WaitForLastOperation,"ax",%progbits
 566              		.align	1
 567              		.global	FLASH_WaitForLastOperation
 568              		.syntax unified
 569              		.thumb
 570              		.thumb_func
 572              	FLASH_WaitForLastOperation:
 573              		@ args = 0, pretend = 0, frame = 0
 574              		@ frame_needed = 0, uses_anonymous_args = 0
 575 0000 38B5     		push	{r3, r4, r5, lr}
 576 0002 0446     		mov	r4, r0
 577 0004 144B     		ldr	r3, .L87
 578 0006 0022     		movs	r2, #0
 579 0008 DA61     		str	r2, [r3, #28]
 580 000a FFF7FEFF 		bl	HAL_GetTick
 581 000e 0546     		mov	r5, r0
 582              	.L78:
 583 0010 124B     		ldr	r3, .L87+4
 584 0012 DB68     		ldr	r3, [r3, #12]
 585 0014 13F4803F 		tst	r3, #65536
 586 0018 0AD0     		beq	.L85
 587 001a B4F1FF3F 		cmp	r4, #-1
 588 001e F7D0     		beq	.L78
 589 0020 24B1     		cbz	r4, .L79
 590 0022 FFF7FEFF 		bl	HAL_GetTick
 591 0026 401B     		subs	r0, r0, r5
 592 0028 A042     		cmp	r0, r4
 593 002a F1D9     		bls	.L78
 594              	.L79:
 595 002c 0320     		movs	r0, #3
 596 002e 0DE0     		b	.L80
 597              	.L85:
 598 0030 0A4B     		ldr	r3, .L87+4
 599 0032 DB68     		ldr	r3, [r3, #12]
ARM GAS  /tmp/cc1tcSDf.s 			page 11


 600 0034 13F0010F 		tst	r3, #1
 601 0038 02D0     		beq	.L82
 602 003a 084B     		ldr	r3, .L87+4
 603 003c 0122     		movs	r2, #1
 604 003e DA60     		str	r2, [r3, #12]
 605              	.L82:
 606 0040 064B     		ldr	r3, .L87+4
 607 0042 DB68     		ldr	r3, [r3, #12]
 608 0044 13F4F97F 		tst	r3, #498
 609 0048 01D1     		bne	.L86
 610 004a 0020     		movs	r0, #0
 611              	.L80:
 612 004c 38BD     		pop	{r3, r4, r5, pc}
 613              	.L86:
 614 004e FFF7FEFF 		bl	FLASH_SetErrorCode
 615 0052 0120     		movs	r0, #1
 616 0054 FAE7     		b	.L80
 617              	.L88:
 618 0056 00BF     		.align	2
 619              	.L87:
 620 0058 00000000 		.word	pFlash
 621 005c 003C0240 		.word	1073888256
 623              		.section	.text.HAL_FLASH_Program,"ax",%progbits
 624              		.align	1
 625              		.global	HAL_FLASH_Program
 626              		.syntax unified
 627              		.thumb
 628              		.thumb_func
 630              	HAL_FLASH_Program:
 631              		@ args = 0, pretend = 0, frame = 0
 632              		@ frame_needed = 0, uses_anonymous_args = 0
 633 0000 F8B5     		push	{r3, r4, r5, r6, r7, lr}
 634 0002 1646     		mov	r6, r2
 635 0004 1B4A     		ldr	r2, .L101
 636 0006 127E     		ldrb	r2, [r2, #24]	@ zero_extendqisi2
 637 0008 012A     		cmp	r2, #1
 638 000a 30D0     		beq	.L96
 639 000c 0446     		mov	r4, r0
 640 000e 0D46     		mov	r5, r1
 641 0010 1F46     		mov	r7, r3
 642 0012 184B     		ldr	r3, .L101
 643 0014 0122     		movs	r2, #1
 644 0016 1A76     		strb	r2, [r3, #24]
 645 0018 4CF25030 		movw	r0, #50000
 646 001c FFF7FEFF 		bl	FLASH_WaitForLastOperation
 647 0020 90B9     		cbnz	r0, .L91
 648 0022 ACB1     		cbz	r4, .L98
 649 0024 012C     		cmp	r4, #1
 650 0026 18D0     		beq	.L99
 651 0028 022C     		cmp	r4, #2
 652 002a 1BD0     		beq	.L100
 653 002c 3246     		mov	r2, r6
 654 002e 3B46     		mov	r3, r7
 655 0030 2846     		mov	r0, r5
 656 0032 FFF7FEFF 		bl	FLASH_Program_DoubleWord
 657              	.L93:
 658 0036 4CF25030 		movw	r0, #50000
ARM GAS  /tmp/cc1tcSDf.s 			page 12


 659 003a FFF7FEFF 		bl	FLASH_WaitForLastOperation
 660 003e 0E4A     		ldr	r2, .L101+4
 661 0040 1369     		ldr	r3, [r2, #16]
 662 0042 23F00103 		bic	r3, r3, #1
 663 0046 1361     		str	r3, [r2, #16]
 664              	.L91:
 665 0048 0A4B     		ldr	r3, .L101
 666 004a 0022     		movs	r2, #0
 667 004c 1A76     		strb	r2, [r3, #24]
 668              	.L90:
 669 004e F8BD     		pop	{r3, r4, r5, r6, r7, pc}
 670              	.L98:
 671 0050 F1B2     		uxtb	r1, r6
 672 0052 2846     		mov	r0, r5
 673 0054 FFF7FEFF 		bl	FLASH_Program_Byte
 674 0058 EDE7     		b	.L93
 675              	.L99:
 676 005a B1B2     		uxth	r1, r6
 677 005c 2846     		mov	r0, r5
 678 005e FFF7FEFF 		bl	FLASH_Program_HalfWord
 679 0062 E8E7     		b	.L93
 680              	.L100:
 681 0064 3146     		mov	r1, r6
 682 0066 2846     		mov	r0, r5
 683 0068 FFF7FEFF 		bl	FLASH_Program_Word
 684 006c E3E7     		b	.L93
 685              	.L96:
 686 006e 0220     		movs	r0, #2
 687 0070 EDE7     		b	.L90
 688              	.L102:
 689 0072 00BF     		.align	2
 690              	.L101:
 691 0074 00000000 		.word	pFlash
 692 0078 003C0240 		.word	1073888256
 694              		.section	.text.HAL_FLASH_OB_Launch,"ax",%progbits
 695              		.align	1
 696              		.global	HAL_FLASH_OB_Launch
 697              		.syntax unified
 698              		.thumb
 699              		.thumb_func
 701              	HAL_FLASH_OB_Launch:
 702              		@ args = 0, pretend = 0, frame = 0
 703              		@ frame_needed = 0, uses_anonymous_args = 0
 704 0000 08B5     		push	{r3, lr}
 705 0002 054A     		ldr	r2, .L105
 706 0004 137D     		ldrb	r3, [r2, #20]	@ zero_extendqisi2
 707 0006 43F00203 		orr	r3, r3, #2
 708 000a 1375     		strb	r3, [r2, #20]
 709 000c 4CF25030 		movw	r0, #50000
 710 0010 FFF7FEFF 		bl	FLASH_WaitForLastOperation
 711 0014 08BD     		pop	{r3, pc}
 712              	.L106:
 713 0016 00BF     		.align	2
 714              	.L105:
 715 0018 003C0240 		.word	1073888256
 717              		.global	pFlash
 718              		.section	.bss.pFlash,"aw",%nobits
ARM GAS  /tmp/cc1tcSDf.s 			page 13


 719              		.align	2
 722              	pFlash:
 723 0000 00000000 		.space	32
 723      00000000 
 723      00000000 
 723      00000000 
 723      00000000 
 724              		.ident	"GCC: (Arch Repository) 14.2.0"
ARM GAS  /tmp/cc1tcSDf.s 			page 14


DEFINED SYMBOLS
                            *ABS*:00000000 stm32f4xx_hal_flash.c
     /tmp/cc1tcSDf.s:18     .text.FLASH_Program_DoubleWord:00000000 $t
     /tmp/cc1tcSDf.s:23     .text.FLASH_Program_DoubleWord:00000000 FLASH_Program_DoubleWord
     /tmp/cc1tcSDf.s:51     .text.FLASH_Program_DoubleWord:0000002c $d
     /tmp/cc1tcSDf.s:54     .text.FLASH_Program_Word:00000000 $t
     /tmp/cc1tcSDf.s:59     .text.FLASH_Program_Word:00000000 FLASH_Program_Word
     /tmp/cc1tcSDf.s:78     .text.FLASH_Program_Word:00000020 $d
     /tmp/cc1tcSDf.s:81     .text.FLASH_Program_HalfWord:00000000 $t
     /tmp/cc1tcSDf.s:86     .text.FLASH_Program_HalfWord:00000000 FLASH_Program_HalfWord
     /tmp/cc1tcSDf.s:105    .text.FLASH_Program_HalfWord:00000020 $d
     /tmp/cc1tcSDf.s:108    .text.FLASH_Program_Byte:00000000 $t
     /tmp/cc1tcSDf.s:113    .text.FLASH_Program_Byte:00000000 FLASH_Program_Byte
     /tmp/cc1tcSDf.s:131    .text.FLASH_Program_Byte:0000001c $d
     /tmp/cc1tcSDf.s:134    .text.FLASH_SetErrorCode:00000000 $t
     /tmp/cc1tcSDf.s:139    .text.FLASH_SetErrorCode:00000000 FLASH_SetErrorCode
     /tmp/cc1tcSDf.s:219    .text.FLASH_SetErrorCode:000000a0 $d
     /tmp/cc1tcSDf.s:722    .bss.pFlash:00000000 pFlash
     /tmp/cc1tcSDf.s:223    .text.HAL_FLASH_Program_IT:00000000 $t
     /tmp/cc1tcSDf.s:229    .text.HAL_FLASH_Program_IT:00000000 HAL_FLASH_Program_IT
     /tmp/cc1tcSDf.s:282    .text.HAL_FLASH_Program_IT:00000060 $d
     /tmp/cc1tcSDf.s:286    .text.HAL_FLASH_EndOfOperationCallback:00000000 $t
     /tmp/cc1tcSDf.s:292    .text.HAL_FLASH_EndOfOperationCallback:00000000 HAL_FLASH_EndOfOperationCallback
     /tmp/cc1tcSDf.s:299    .text.HAL_FLASH_OperationErrorCallback:00000000 $t
     /tmp/cc1tcSDf.s:305    .text.HAL_FLASH_OperationErrorCallback:00000000 HAL_FLASH_OperationErrorCallback
     /tmp/cc1tcSDf.s:312    .text.HAL_FLASH_IRQHandler:00000000 $t
     /tmp/cc1tcSDf.s:318    .text.HAL_FLASH_IRQHandler:00000000 HAL_FLASH_IRQHandler
     /tmp/cc1tcSDf.s:431    .text.HAL_FLASH_IRQHandler:000000e4 $d
     /tmp/cc1tcSDf.s:435    .text.HAL_FLASH_Unlock:00000000 $t
     /tmp/cc1tcSDf.s:441    .text.HAL_FLASH_Unlock:00000000 HAL_FLASH_Unlock
     /tmp/cc1tcSDf.s:468    .text.HAL_FLASH_Unlock:00000028 $d
     /tmp/cc1tcSDf.s:472    .text.HAL_FLASH_Lock:00000000 $t
     /tmp/cc1tcSDf.s:478    .text.HAL_FLASH_Lock:00000000 HAL_FLASH_Lock
     /tmp/cc1tcSDf.s:491    .text.HAL_FLASH_Lock:00000010 $d
     /tmp/cc1tcSDf.s:494    .text.HAL_FLASH_OB_Unlock:00000000 $t
     /tmp/cc1tcSDf.s:500    .text.HAL_FLASH_OB_Unlock:00000000 HAL_FLASH_OB_Unlock
     /tmp/cc1tcSDf.s:521    .text.HAL_FLASH_OB_Unlock:00000020 $d
     /tmp/cc1tcSDf.s:525    .text.HAL_FLASH_OB_Lock:00000000 $t
     /tmp/cc1tcSDf.s:531    .text.HAL_FLASH_OB_Lock:00000000 HAL_FLASH_OB_Lock
     /tmp/cc1tcSDf.s:544    .text.HAL_FLASH_OB_Lock:00000010 $d
     /tmp/cc1tcSDf.s:547    .text.HAL_FLASH_GetError:00000000 $t
     /tmp/cc1tcSDf.s:553    .text.HAL_FLASH_GetError:00000000 HAL_FLASH_GetError
     /tmp/cc1tcSDf.s:563    .text.HAL_FLASH_GetError:00000008 $d
     /tmp/cc1tcSDf.s:566    .text.FLASH_WaitForLastOperation:00000000 $t
     /tmp/cc1tcSDf.s:572    .text.FLASH_WaitForLastOperation:00000000 FLASH_WaitForLastOperation
     /tmp/cc1tcSDf.s:620    .text.FLASH_WaitForLastOperation:00000058 $d
     /tmp/cc1tcSDf.s:624    .text.HAL_FLASH_Program:00000000 $t
     /tmp/cc1tcSDf.s:630    .text.HAL_FLASH_Program:00000000 HAL_FLASH_Program
     /tmp/cc1tcSDf.s:691    .text.HAL_FLASH_Program:00000074 $d
     /tmp/cc1tcSDf.s:695    .text.HAL_FLASH_OB_Launch:00000000 $t
     /tmp/cc1tcSDf.s:701    .text.HAL_FLASH_OB_Launch:00000000 HAL_FLASH_OB_Launch
     /tmp/cc1tcSDf.s:715    .text.HAL_FLASH_OB_Launch:00000018 $d
     /tmp/cc1tcSDf.s:719    .bss.pFlash:00000000 $d

UNDEFINED SYMBOLS
FLASH_Erase_Sector
FLASH_FlushCaches
ARM GAS  /tmp/cc1tcSDf.s 			page 15


HAL_GetTick
